<?xml version="1.0" encoding="UTF-8"?>
<testsuite name="com.docker3.Docker3ApplicationTests" tests="1" skipped="0" failures="0" errors="0" timestamp="2024-07-06T03:33:32" hostname="UDHAYA" time="0.698">
  <properties/>
  <testcase name="contextLoads()" classname="com.docker3.Docker3ApplicationTests" time="0.698"/>
  <system-out><![CDATA[11:33:24.533 [Test worker] INFO org.springframework.test.context.support.AnnotationConfigContextLoaderUtils -- Could not detect default configuration classes for test class [com.docker3.Docker3ApplicationTests]: Docker3ApplicationTests does not declare any static, non-private, non-final, nested classes annotated with @Configuration.
11:33:24.630 [Test worker] INFO org.springframework.boot.test.context.SpringBootTestContextBootstrapper -- Found @SpringBootConfiguration com.docker3.Docker3Application for test class com.docker3.Docker3ApplicationTests
  .   ____          _            __ _ _
 /\\ / ___'_ __ _ _(_)_ __  __ _ \ \ \ \
( ( )\___ | '_ | '_| | '_ \/ _` | \ \ \ \
 \\/  ___)| |_)| | | | | || (_| |  ) ) ) )
  '  |____| .__|_| |_|_| |_\__, | / / / /
 =========|_|==============|___/=/_/_/_/

 :: Spring Boot ::                (v3.3.0)

2024-07-06T11:33:25.051+08:00  INFO 6656 --- [docker3] [    Test worker] com.docker3.Docker3ApplicationTests      : Starting Docker3ApplicationTests using Java 17.0.8 with PID 6656 (started by udhay in C:\Users\udhay\Desktop\docker3)
2024-07-06T11:33:25.052+08:00  INFO 6656 --- [docker3] [    Test worker] com.docker3.Docker3ApplicationTests      : No active profile set, falling back to 1 default profile: "default"
2024-07-06T11:33:25.052+08:00 DEBUG 6656 --- [docker3] [    Test worker] o.s.boot.SpringApplication               : Loading source class com.docker3.Docker3Application
2024-07-06T11:33:25.084+08:00 DEBUG 6656 --- [docker3] [    Test worker] o.s.w.c.s.GenericWebApplicationContext   : Refreshing org.springframework.web.context.support.GenericWebApplicationContext@53093491
2024-07-06T11:33:25.103+08:00 DEBUG 6656 --- [docker3] [    Test worker] o.s.b.f.s.DefaultListableBeanFactory     : Creating shared instance of singleton bean 'org.springframework.context.annotation.internalConfigurationAnnotationProcessor'
2024-07-06T11:33:25.121+08:00 DEBUG 6656 --- [docker3] [    Test worker] o.s.b.f.s.DefaultListableBeanFactory     : Creating shared instance of singleton bean 'org.springframework.boot.autoconfigure.internalCachingMetadataReaderFactory'
2024-07-06T11:33:25.161+08:00 DEBUG 6656 --- [docker3] [    Test worker] o.s.c.a.ClassPathBeanDefinitionScanner   : Identified candidate component class: file [C:\Users\udhay\Desktop\docker3\build\classes\java\main\com\docker3\config\BatchConfig.class]
2024-07-06T11:33:25.179+08:00 DEBUG 6656 --- [docker3] [    Test worker] o.s.c.a.ClassPathBeanDefinitionScanner   : Identified candidate component class: file [C:\Users\udhay\Desktop\docker3\build\classes\java\main\com\docker3\controller\AuthController.class]
2024-07-06T11:33:25.179+08:00 DEBUG 6656 --- [docker3] [    Test worker] o.s.c.a.ClassPathBeanDefinitionScanner   : Identified candidate component class: file [C:\Users\udhay\Desktop\docker3\build\classes\java\main\com\docker3\controller\BatchController.class]
2024-07-06T11:33:25.185+08:00 DEBUG 6656 --- [docker3] [    Test worker] o.s.c.a.ClassPathBeanDefinitionScanner   : Identified candidate component class: file [C:\Users\udhay\Desktop\docker3\build\classes\java\main\com\docker3\controller\OrderController.class]
2024-07-06T11:33:25.186+08:00 DEBUG 6656 --- [docker3] [    Test worker] o.s.c.a.ClassPathBeanDefinitionScanner   : Identified candidate component class: file [C:\Users\udhay\Desktop\docker3\build\classes\java\main\com\docker3\controller\UserController.class]
2024-07-06T11:33:25.188+08:00 DEBUG 6656 --- [docker3] [    Test worker] o.s.c.a.ClassPathBeanDefinitionScanner   : Identified candidate component class: file [C:\Users\udhay\Desktop\docker3\build\classes\java\main\com\docker3\processor\OrderItemProcessor.class]
2024-07-06T11:33:25.189+08:00 DEBUG 6656 --- [docker3] [    Test worker] o.s.c.a.ClassPathBeanDefinitionScanner   : Identified candidate component class: file [C:\Users\udhay\Desktop\docker3\build\classes\java\main\com\docker3\reader\OrderItemReader.class]
2024-07-06T11:33:25.191+08:00 DEBUG 6656 --- [docker3] [    Test worker] o.s.c.a.ClassPathBeanDefinitionScanner   : Identified candidate component class: file [C:\Users\udhay\Desktop\docker3\build\classes\java\main\com\docker3\service\AuthService.class]
2024-07-06T11:33:25.191+08:00 DEBUG 6656 --- [docker3] [    Test worker] o.s.c.a.ClassPathBeanDefinitionScanner   : Identified candidate component class: file [C:\Users\udhay\Desktop\docker3\build\classes\java\main\com\docker3\service\BatchService.class]
2024-07-06T11:33:25.192+08:00 DEBUG 6656 --- [docker3] [    Test worker] o.s.c.a.ClassPathBeanDefinitionScanner   : Identified candidate component class: file [C:\Users\udhay\Desktop\docker3\build\classes\java\main\com\docker3\service\OrderService.class]
2024-07-06T11:33:25.192+08:00 DEBUG 6656 --- [docker3] [    Test worker] o.s.c.a.ClassPathBeanDefinitionScanner   : Identified candidate component class: file [C:\Users\udhay\Desktop\docker3\build\classes\java\main\com\docker3\service\UserService.class]
2024-07-06T11:33:25.192+08:00 DEBUG 6656 --- [docker3] [    Test worker] o.s.c.a.ClassPathBeanDefinitionScanner   : Identified candidate component class: file [C:\Users\udhay\Desktop\docker3\build\classes\java\main\com\docker3\util\PasswordEncoder.class]
2024-07-06T11:33:25.193+08:00 DEBUG 6656 --- [docker3] [    Test worker] o.s.c.a.ClassPathBeanDefinitionScanner   : Identified candidate component class: file [C:\Users\udhay\Desktop\docker3\build\classes\java\main\com\docker3\writer\OrderItemWriter.class]
2024-07-06T11:33:25.544+08:00  INFO 6656 --- [docker3] [    Test worker] o.s.b.c.c.annotation.BatchRegistrar      : Finished Spring Batch infrastructure beans configuration in 5 ms.
2024-07-06T11:33:25.770+08:00  INFO 6656 --- [docker3] [    Test worker] .s.d.r.c.RepositoryConfigurationDelegate : Multiple Spring Data modules found, entering strict repository configuration mode
2024-07-06T11:33:25.772+08:00  INFO 6656 --- [docker3] [    Test worker] .s.d.r.c.RepositoryConfigurationDelegate : Bootstrapping Spring Data JDBC repositories in DEFAULT mode.
2024-07-06T11:33:25.776+08:00 DEBUG 6656 --- [docker3] [    Test worker] o.s.b.f.s.DefaultListableBeanFactory     : Creating shared instance of singleton bean 'org.springframework.boot.autoconfigure.AutoConfigurationPackages'
2024-07-06T11:33:25.784+08:00 DEBUG 6656 --- [docker3] [    Test worker] o.s.b.a.AutoConfigurationPackages        : @EnableAutoConfiguration was declared on a class in the package 'com.docker3'. Automatic @Repository and @Entity scanning is enabled.
2024-07-06T11:33:25.787+08:00 DEBUG 6656 --- [docker3] [    Test worker] .s.d.r.c.RepositoryConfigurationDelegate : Scanning for JDBC repositories in packages com.docker3.
2024-07-06T11:33:25.799+08:00 DEBUG 6656 --- [docker3] [    Test worker] o.s.d.r.c.RepositoryComponentProvider    : Identified candidate component class: file [C:\Users\udhay\Desktop\docker3\build\classes\java\main\com\docker3\repository\OrderRepository.class]
2024-07-06T11:33:25.799+08:00 DEBUG 6656 --- [docker3] [    Test worker] o.s.d.r.c.RepositoryComponentProvider    : Identified candidate component class: file [C:\Users\udhay\Desktop\docker3\build\classes\java\main\com\docker3\repository\UserRepository.class]
2024-07-06T11:33:25.808+08:00  INFO 6656 --- [docker3] [    Test worker] .RepositoryConfigurationExtensionSupport : Spring Data JDBC - Could not safely identify store assignment for repository candidate interface com.docker3.repository.OrderRepository; If you want this repository to be a JDBC repository, consider annotating your entities with one of these annotations: org.springframework.data.relational.core.mapping.Table.
2024-07-06T11:33:25.809+08:00  INFO 6656 --- [docker3] [    Test worker] .RepositoryConfigurationExtensionSupport : Spring Data JDBC - Could not safely identify store assignment for repository candidate interface com.docker3.repository.UserRepository; If you want this repository to be a JDBC repository, consider annotating your entities with one of these annotations: org.springframework.data.relational.core.mapping.Table.
2024-07-06T11:33:25.809+08:00  INFO 6656 --- [docker3] [    Test worker] .s.d.r.c.RepositoryConfigurationDelegate : Finished Spring Data repository scanning in 22 ms. Found 0 JDBC repository interfaces.
2024-07-06T11:33:25.820+08:00  INFO 6656 --- [docker3] [    Test worker] .s.d.r.c.RepositoryConfigurationDelegate : Multiple Spring Data modules found, entering strict repository configuration mode
2024-07-06T11:33:25.821+08:00  INFO 6656 --- [docker3] [    Test worker] .s.d.r.c.RepositoryConfigurationDelegate : Bootstrapping Spring Data JPA repositories in DEFAULT mode.
2024-07-06T11:33:25.825+08:00 DEBUG 6656 --- [docker3] [    Test worker] .s.d.r.c.RepositoryConfigurationDelegate : Scanning for JPA repositories in packages com.docker3.
2024-07-06T11:33:25.832+08:00 DEBUG 6656 --- [docker3] [    Test worker] o.s.d.r.c.RepositoryComponentProvider    : Identified candidate component class: file [C:\Users\udhay\Desktop\docker3\build\classes\java\main\com\docker3\repository\OrderRepository.class]
2024-07-06T11:33:25.832+08:00 DEBUG 6656 --- [docker3] [    Test worker] o.s.d.r.c.RepositoryComponentProvider    : Identified candidate component class: file [C:\Users\udhay\Desktop\docker3\build\classes\java\main\com\docker3\repository\UserRepository.class]
2024-07-06T11:33:25.856+08:00  INFO 6656 --- [docker3] [    Test worker] .s.d.r.c.RepositoryConfigurationDelegate : Finished Spring Data repository scanning in 30 ms. Found 2 JPA repository interfaces.
2024-07-06T11:33:26.020+08:00 DEBUG 6656 --- [docker3] [    Test worker] o.s.b.f.s.DefaultListableBeanFactory     : Creating shared instance of singleton bean 'propertySourcesPlaceholderConfigurer'
2024-07-06T11:33:26.024+08:00 DEBUG 6656 --- [docker3] [    Test worker] o.s.b.f.s.DefaultListableBeanFactory     : Creating shared instance of singleton bean 'org.springframework.boot.test.mock.mockito.MockitoPostProcessor'
2024-07-06T11:33:26.025+08:00 DEBUG 6656 --- [docker3] [    Test worker] o.s.b.f.s.DefaultListableBeanFactory     : Creating shared instance of singleton bean 'stepScope'
2024-07-06T11:33:26.026+08:00 DEBUG 6656 --- [docker3] [    Test worker] o.s.b.f.s.DefaultListableBeanFactory     : Creating shared instance of singleton bean 'jobScope'
2024-07-06T11:33:26.026+08:00 DEBUG 6656 --- [docker3] [    Test worker] o.s.b.f.s.DefaultListableBeanFactory     : Creating shared instance of singleton bean 'org.springframework.boot.sql.init.dependency.DatabaseInitializationDependencyConfigurer$DependsOnDatabaseInitializationPostProcessor'
2024-07-06T11:33:26.026+08:00 DEBUG 6656 --- [docker3] [    Test worker] o.s.b.f.s.DefaultListableBeanFactory     : Creating shared instance of singleton bean 'emBeanDefinitionRegistrarPostProcessor'
2024-07-06T11:33:26.056+08:00 DEBUG 6656 --- [docker3] [    Test worker] o.s.b.f.s.DefaultListableBeanFactory     : Creating shared instance of singleton bean 'org.springframework.context.event.internalEventListenerProcessor'
2024-07-06T11:33:26.058+08:00 DEBUG 6656 --- [docker3] [    Test worker] o.s.b.f.s.DefaultListableBeanFactory     : Creating shared instance of singleton bean 'org.springframework.batch.core.configuration.annotation.AutomaticJobRegistrarBeanPostProcessor'
2024-07-06T11:33:26.058+08:00 DEBUG 6656 --- [docker3] [    Test worker] o.s.b.f.s.DefaultListableBeanFactory     : Creating shared instance of singleton bean 'org.springframework.batch.core.configuration.annotation.BatchObservabilityBeanPostProcessor'
2024-07-06T11:33:26.058+08:00 DEBUG 6656 --- [docker3] [    Test worker] o.s.b.f.s.DefaultListableBeanFactory     : Creating shared instance of singleton bean 'preserveErrorControllerTargetClassPostProcessor'
2024-07-06T11:33:26.060+08:00 DEBUG 6656 --- [docker3] [    Test worker] o.s.b.f.s.DefaultListableBeanFactory     : Creating shared instance of singleton bean 'org.springframework.context.event.internalEventListenerFactory'
2024-07-06T11:33:26.060+08:00 DEBUG 6656 --- [docker3] [    Test worker] o.s.b.f.s.DefaultListableBeanFactory     : Creating shared instance of singleton bean 'org.springframework.transaction.config.internalTransactionalEventListenerFactory'
2024-07-06T11:33:26.063+08:00 DEBUG 6656 --- [docker3] [    Test worker] o.s.b.f.s.DefaultListableBeanFactory     : Creating shared instance of singleton bean 'org.springframework.boot.test.mock.mockito.MockitoPostProcessor$SpyPostProcessor'
2024-07-06T11:33:26.064+08:00 DEBUG 6656 --- [docker3] [    Test worker] o.s.b.f.s.DefaultListableBeanFactory     : Creating shared instance of singleton bean 'org.springframework.context.annotation.internalAutowiredAnnotationProcessor'
2024-07-06T11:33:26.066+08:00 DEBUG 6656 --- [docker3] [    Test worker] o.s.b.f.s.DefaultListableBeanFactory     : Creating shared instance of singleton bean 'org.springframework.context.annotation.internalCommonAnnotationProcessor'
2024-07-06T11:33:26.070+08:00 DEBUG 6656 --- [docker3] [    Test worker] o.s.b.f.s.DefaultListableBeanFactory     : Creating shared instance of singleton bean 'org.springframework.context.annotation.internalPersistenceAnnotationProcessor'
2024-07-06T11:33:26.071+08:00 DEBUG 6656 --- [docker3] [    Test worker] o.s.b.f.s.DefaultListableBeanFactory     : Creating shared instance of singleton bean 'org.springframework.boot.context.properties.ConfigurationPropertiesBindingPostProcessor'
2024-07-06T11:33:26.071+08:00 DEBUG 6656 --- [docker3] [    Test worker] o.s.b.f.s.DefaultListableBeanFactory     : Creating shared instance of singleton bean 'org.springframework.boot.context.internalConfigurationPropertiesBinder'
2024-07-06T11:33:26.073+08:00 DEBUG 6656 --- [docker3] [    Test worker] o.s.b.f.s.DefaultListableBeanFactory     : Creating shared instance of singleton bean 'jdbcConnectionDetailsHikariBeanPostProcessor'
2024-07-06T11:33:26.076+08:00 DEBUG 6656 --- [docker3] [    Test worker] o.s.b.f.s.DefaultListableBeanFactory     : Creating shared instance of singleton bean 'org.springframework.aop.config.internalAutoProxyCreator'
2024-07-06T11:33:26.101+08:00 DEBUG 6656 --- [docker3] [    Test worker] o.s.b.f.s.DefaultListableBeanFactory     : Creating shared instance of singleton bean 'persistenceExceptionTranslationPostProcessor'
2024-07-06T11:33:26.120+08:00 DEBUG 6656 --- [docker3] [    Test worker] o.s.b.f.s.DefaultListableBeanFactory     : Autowiring by type from bean name 'persistenceExceptionTranslationPostProcessor' via factory method to bean named 'environment'
2024-07-06T11:33:26.127+08:00 DEBUG 6656 --- [docker3] [    Test worker] o.s.b.f.s.DefaultListableBeanFactory     : Creating shared instance of singleton bean 'jobRegistryBeanPostProcessor'
2024-07-06T11:33:26.128+08:00 DEBUG 6656 --- [docker3] [    Test worker] o.s.b.f.s.DefaultListableBeanFactory     : Creating shared instance of singleton bean 'org.springframework.transaction.config.internalTransactionAdvisor'
2024-07-06T11:33:26.128+08:00 DEBUG 6656 --- [docker3] [    Test worker] o.s.b.f.s.DefaultListableBeanFactory     : Creating shared instance of singleton bean 'org.springframework.transaction.annotation.ProxyTransactionManagementConfiguration'
2024-07-06T11:33:26.139+08:00 DEBUG 6656 --- [docker3] [    Test worker] o.s.b.f.s.DefaultListableBeanFactory     : Creating shared instance of singleton bean 'transactionAttributeSource'
2024-07-06T11:33:26.140+08:00 DEBUG 6656 --- [docker3] [    Test worker] o.s.b.f.s.DefaultListableBeanFactory     : Creating shared instance of singleton bean 'transactionInterceptor'
2024-07-06T11:33:26.141+08:00 DEBUG 6656 --- [docker3] [    Test worker] o.s.b.f.s.DefaultListableBeanFactory     : Autowiring by type from bean name 'transactionInterceptor' via factory method to bean named 'transactionAttributeSource'
2024-07-06T11:33:26.147+08:00 DEBUG 6656 --- [docker3] [    Test worker] o.s.b.f.s.DefaultListableBeanFactory     : Autowiring by type from bean name 'org.springframework.transaction.config.internalTransactionAdvisor' via factory method to bean named 'transactionAttributeSource'
2024-07-06T11:33:26.147+08:00 DEBUG 6656 --- [docker3] [    Test worker] o.s.b.f.s.DefaultListableBeanFactory     : Autowiring by type from bean name 'org.springframework.transaction.config.internalTransactionAdvisor' via factory method to bean named 'transactionInterceptor'
2024-07-06T11:33:26.151+08:00 DEBUG 6656 --- [docker3] [    Test worker] o.s.b.f.s.DefaultListableBeanFactory     : Creating shared instance of singleton bean 'jobRegistry'
2024-07-06T11:33:26.153+08:00  WARN 6656 --- [docker3] [    Test worker] trationDelegate$BeanPostProcessorChecker : Bean 'jobRegistry' of type [org.springframework.batch.core.configuration.support.MapJobRegistry] is not eligible for getting processed by all BeanPostProcessors (for example: not eligible for auto-proxying). Is this bean getting eagerly injected into a currently created BeanPostProcessor [jobRegistryBeanPostProcessor]? Check the corresponding BeanPostProcessor declaration and its dependencies.
2024-07-06T11:33:26.157+08:00 DEBUG 6656 --- [docker3] [    Test worker] o.s.b.f.s.DefaultListableBeanFactory     : Creating shared instance of singleton bean 'webServerFactoryCustomizerBeanPostProcessor'
2024-07-06T11:33:26.157+08:00 DEBUG 6656 --- [docker3] [    Test worker] o.s.b.f.s.DefaultListableBeanFactory     : Creating shared instance of singleton bean 'errorPageRegistrarBeanPostProcessor'
2024-07-06T11:33:26.157+08:00 DEBUG 6656 --- [docker3] [    Test worker] o.s.b.f.s.DefaultListableBeanFactory     : Creating shared instance of singleton bean 'projectingArgumentResolverBeanPostProcessor'
2024-07-06T11:33:26.179+08:00 DEBUG 6656 --- [docker3] [    Test worker] o.s.u.c.s.UiApplicationContextUtils      : Unable to locate ThemeSource with name 'themeSource': using default [org.springframework.ui.context.support.ResourceBundleThemeSource@196624bf]
2024-07-06T11:33:26.180+08:00 DEBUG 6656 --- [docker3] [    Test worker] o.s.b.f.s.DefaultListableBeanFactory     : Creating shared instance of singleton bean 'dataSourceScriptDatabaseInitializer'
2024-07-06T11:33:26.180+08:00 DEBUG 6656 --- [docker3] [    Test worker] o.s.b.f.s.DefaultListableBeanFactory     : Creating shared instance of singleton bean 'org.springframework.boot.autoconfigure.sql.init.DataSourceInitializationConfiguration'
2024-07-06T11:33:26.185+08:00 DEBUG 6656 --- [docker3] [    Test worker] o.s.b.f.s.DefaultListableBeanFactory     : Creating shared instance of singleton bean 'dataSource'
2024-07-06T11:33:26.186+08:00 DEBUG 6656 --- [docker3] [    Test worker] o.s.b.f.s.DefaultListableBeanFactory     : Creating shared instance of singleton bean 'org.springframework.boot.autoconfigure.jdbc.DataSourceConfiguration$Hikari'
2024-07-06T11:33:26.187+08:00 DEBUG 6656 --- [docker3] [    Test worker] o.s.b.f.s.DefaultListableBeanFactory     : Creating shared instance of singleton bean 'spring.datasource-org.springframework.boot.autoconfigure.jdbc.DataSourceProperties'
2024-07-06T11:33:26.189+08:00 DEBUG 6656 --- [docker3] [    Test worker] o.s.b.f.s.DefaultListableBeanFactory     : Creating shared instance of singleton bean 'org.springframework.boot.context.properties.BoundConfigurationProperties'
2024-07-06T11:33:26.209+08:00 DEBUG 6656 --- [docker3] [    Test worker] o.s.b.f.s.DefaultListableBeanFactory     : Creating shared instance of singleton bean 'jdbcConnectionDetails'
2024-07-06T11:33:26.209+08:00 DEBUG 6656 --- [docker3] [    Test worker] o.s.b.f.s.DefaultListableBeanFactory     : Creating shared instance of singleton bean 'org.springframework.boot.autoconfigure.jdbc.DataSourceAutoConfiguration$PooledDataSourceConfiguration'
2024-07-06T11:33:26.210+08:00 DEBUG 6656 --- [docker3] [    Test worker] o.s.b.f.s.DefaultListableBeanFactory     : Autowiring by type from bean name 'jdbcConnectionDetails' via factory method to bean named 'spring.datasource-org.springframework.boot.autoconfigure.jdbc.DataSourceProperties'
2024-07-06T11:33:26.211+08:00 DEBUG 6656 --- [docker3] [    Test worker] o.s.b.f.s.DefaultListableBeanFactory     : Autowiring by type from bean name 'dataSource' via factory method to bean named 'spring.datasource-org.springframework.boot.autoconfigure.jdbc.DataSourceProperties'
2024-07-06T11:33:26.211+08:00 DEBUG 6656 --- [docker3] [    Test worker] o.s.b.f.s.DefaultListableBeanFactory     : Autowiring by type from bean name 'dataSource' via factory method to bean named 'jdbcConnectionDetails'
2024-07-06T11:33:26.236+08:00 DEBUG 6656 --- [docker3] [    Test worker] o.s.b.f.s.DefaultListableBeanFactory     : Creating shared instance of singleton bean 'spring.sql.init-org.springframework.boot.autoconfigure.sql.init.SqlInitializationProperties'
2024-07-06T11:33:26.239+08:00 DEBUG 6656 --- [docker3] [    Test worker] o.s.b.f.s.DefaultListableBeanFactory     : Autowiring by type from bean name 'dataSourceScriptDatabaseInitializer' via factory method to bean named 'dataSource'
2024-07-06T11:33:26.239+08:00 DEBUG 6656 --- [docker3] [    Test worker] o.s.b.f.s.DefaultListableBeanFactory     : Autowiring by type from bean name 'dataSourceScriptDatabaseInitializer' via factory method to bean named 'spring.sql.init-org.springframework.boot.autoconfigure.sql.init.SqlInitializationProperties'
2024-07-06T11:33:26.244+08:00 DEBUG 6656 --- [docker3] [    Test worker] o.s.b.f.s.DefaultListableBeanFactory     : Creating shared instance of singleton bean 'entityManagerFactory'
2024-07-06T11:33:26.244+08:00 DEBUG 6656 --- [docker3] [    Test worker] o.s.b.f.s.DefaultListableBeanFactory     : Creating shared instance of singleton bean 'org.springframework.boot.autoconfigure.orm.jpa.HibernateJpaConfiguration'
2024-07-06T11:33:26.246+08:00 DEBUG 6656 --- [docker3] [    Test worker] o.s.b.f.s.DefaultListableBeanFactory     : Creating shared instance of singleton bean 'spring.jpa-org.springframework.boot.autoconfigure.orm.jpa.JpaProperties'
2024-07-06T11:33:26.250+08:00 DEBUG 6656 --- [docker3] [    Test worker] o.s.b.f.s.DefaultListableBeanFactory     : Creating shared instance of singleton bean 'spring.jpa.hibernate-org.springframework.boot.autoconfigure.orm.jpa.HibernateProperties'
2024-07-06T11:33:26.252+08:00 DEBUG 6656 --- [docker3] [    Test worker] o.s.b.f.s.DefaultListableBeanFactory     : Autowiring by type from bean name 'org.springframework.boot.autoconfigure.orm.jpa.HibernateJpaConfiguration' via constructor to bean named 'dataSource'
2024-07-06T11:33:26.252+08:00 DEBUG 6656 --- [docker3] [    Test worker] o.s.b.f.s.DefaultListableBeanFactory     : Autowiring by type from bean name 'org.springframework.boot.autoconfigure.orm.jpa.HibernateJpaConfiguration' via constructor to bean named 'spring.jpa-org.springframework.boot.autoconfigure.orm.jpa.JpaProperties'
2024-07-06T11:33:26.252+08:00 DEBUG 6656 --- [docker3] [    Test worker] o.s.b.f.s.DefaultListableBeanFactory     : Autowiring by type from bean name 'org.springframework.boot.autoconfigure.orm.jpa.HibernateJpaConfiguration' via constructor to bean named 'org.springframework.beans.factory.support.DefaultListableBeanFactory@4cbf4f53'
2024-07-06T11:33:26.252+08:00 DEBUG 6656 --- [docker3] [    Test worker] o.s.b.f.s.DefaultListableBeanFactory     : Autowiring by type from bean name 'org.springframework.boot.autoconfigure.orm.jpa.HibernateJpaConfiguration' via constructor to bean named 'spring.jpa.hibernate-org.springframework.boot.autoconfigure.orm.jpa.HibernateProperties'
2024-07-06T11:33:26.254+08:00 DEBUG 6656 --- [docker3] [    Test worker] o.s.b.f.s.DefaultListableBeanFactory     : Creating shared instance of singleton bean 'hikariPoolDataSourceMetadataProvider'
2024-07-06T11:33:26.254+08:00 DEBUG 6656 --- [docker3] [    Test worker] o.s.b.f.s.DefaultListableBeanFactory     : Creating shared instance of singleton bean 'org.springframework.boot.autoconfigure.jdbc.metadata.DataSourcePoolMetadataProvidersConfiguration$HikariPoolDataSourceMetadataProviderConfiguration'
2024-07-06T11:33:26.262+08:00 DEBUG 6656 --- [docker3] [    Test worker] o.s.b.f.s.DefaultListableBeanFactory     : Creating shared instance of singleton bean 'entityManagerFactoryBuilder'
2024-07-06T11:33:26.263+08:00 DEBUG 6656 --- [docker3] [    Test worker] o.s.b.f.s.DefaultListableBeanFactory     : Creating shared instance of singleton bean 'jpaVendorAdapter'
2024-07-06T11:33:26.281+08:00 DEBUG 6656 --- [docker3] [    Test worker] o.s.b.f.s.DefaultListableBeanFactory     : Autowiring by type from bean name 'entityManagerFactoryBuilder' via factory method to bean named 'jpaVendorAdapter'
2024-07-06T11:33:26.284+08:00 DEBUG 6656 --- [docker3] [    Test worker] o.s.b.f.s.DefaultListableBeanFactory     : Creating shared instance of singleton bean 'persistenceManagedTypes'
2024-07-06T11:33:26.285+08:00 DEBUG 6656 --- [docker3] [    Test worker] o.s.b.f.s.DefaultListableBeanFactory     : Autowiring by type from bean name 'persistenceManagedTypes' via factory method to bean named 'org.springframework.beans.factory.support.DefaultListableBeanFactory@4cbf4f53'
2024-07-06T11:33:26.286+08:00 DEBUG 6656 --- [docker3] [    Test worker] o.s.b.f.s.DefaultListableBeanFactory     : Autowiring by type from bean name 'persistenceManagedTypes' via factory method to bean named 'org.springframework.web.context.support.GenericWebApplicationContext@53093491'
2024-07-06T11:33:26.297+08:00 DEBUG 6656 --- [docker3] [    Test worker] o.s.b.f.s.DefaultListableBeanFactory     : Autowiring by type from bean name 'entityManagerFactory' via factory method to bean named 'entityManagerFactoryBuilder'
2024-07-06T11:33:26.297+08:00 DEBUG 6656 --- [docker3] [    Test worker] o.s.b.f.s.DefaultListableBeanFactory     : Autowiring by type from bean name 'entityManagerFactory' via factory method to bean named 'persistenceManagedTypes'
2024-07-06T11:33:26.315+08:00 DEBUG 6656 --- [docker3] [    Test worker] j.LocalContainerEntityManagerFactoryBean : Building JPA container EntityManagerFactory for persistence unit 'default'
2024-07-06T11:33:26.337+08:00  INFO 6656 --- [docker3] [    Test worker] o.hibernate.jpa.internal.util.LogHelper  : HHH000204: Processing PersistenceUnitInfo [name: default]
2024-07-06T11:33:26.410+08:00  INFO 6656 --- [docker3] [    Test worker] org.hibernate.Version                    : HHH000412: Hibernate ORM core version 6.5.2.Final
2024-07-06T11:33:26.455+08:00  INFO 6656 --- [docker3] [    Test worker] o.h.c.internal.RegionFactoryInitiator    : HHH000026: Second-level cache disabled
2024-07-06T11:33:26.791+08:00  INFO 6656 --- [docker3] [    Test worker] o.s.o.j.p.SpringPersistenceUnitInfo      : No LoadTimeWeaver setup: ignoring JPA class transformer
2024-07-06T11:33:26.821+08:00  INFO 6656 --- [docker3] [    Test worker] com.zaxxer.hikari.HikariDataSource       : HikariPool-1 - Starting...
2024-07-06T11:33:28.623+08:00  INFO 6656 --- [docker3] [    Test worker] com.zaxxer.hikari.pool.HikariPool        : HikariPool-1 - Added connection org.postgresql.jdbc.PgConnection@77f03916
2024-07-06T11:33:28.627+08:00  INFO 6656 --- [docker3] [    Test worker] com.zaxxer.hikari.HikariDataSource       : HikariPool-1 - Start completed.
2024-07-06T11:33:28.770+08:00  WARN 6656 --- [docker3] [    Test worker] org.hibernate.orm.deprecation            : HHH90000025: PostgreSQLDialect does not need to be specified explicitly using 'hibernate.dialect' (remove the property setting and it will be selected by default)
2024-07-06T11:33:29.859+08:00  INFO 6656 --- [docker3] [    Test worker] o.h.e.t.j.p.i.JtaPlatformInitiator       : HHH000489: No JTA platform available (set 'hibernate.transaction.jta.platform' to enable JTA platform integration)
2024-07-06T11:33:31.116+08:00  INFO 6656 --- [docker3] [    Test worker] j.LocalContainerEntityManagerFactoryBean : Initialized JPA EntityManagerFactory for persistence unit 'default'
2024-07-06T11:33:31.121+08:00 DEBUG 6656 --- [docker3] [    Test worker] o.s.b.f.s.DefaultListableBeanFactory     : Creating shared instance of singleton bean 'docker3Application'
2024-07-06T11:33:31.123+08:00 DEBUG 6656 --- [docker3] [    Test worker] o.s.b.f.s.DefaultListableBeanFactory     : Creating shared instance of singleton bean 'jobLauncher'
2024-07-06T11:33:31.132+08:00 DEBUG 6656 --- [docker3] [    Test worker] o.s.b.f.s.DefaultListableBeanFactory     : Creating shared instance of singleton bean 'jobRepository'
2024-07-06T11:33:31.132+08:00 DEBUG 6656 --- [docker3] [    Test worker] o.s.b.f.s.DefaultListableBeanFactory     : Creating shared instance of singleton bean 'transactionManager'
2024-07-06T11:33:31.136+08:00 DEBUG 6656 --- [docker3] [    Test worker] o.s.b.f.s.DefaultListableBeanFactory     : Creating shared instance of singleton bean 'platformTransactionManagerCustomizers'
2024-07-06T11:33:31.136+08:00 DEBUG 6656 --- [docker3] [    Test worker] o.s.b.f.s.DefaultListableBeanFactory     : Creating shared instance of singleton bean 'org.springframework.boot.autoconfigure.transaction.TransactionManagerCustomizationAutoConfiguration'
2024-07-06T11:33:31.138+08:00 DEBUG 6656 --- [docker3] [    Test worker] o.s.b.f.s.DefaultListableBeanFactory     : Creating shared instance of singleton bean 'transactionExecutionListeners'
2024-07-06T11:33:31.138+08:00 DEBUG 6656 --- [docker3] [    Test worker] o.s.b.f.s.DefaultListableBeanFactory     : Creating shared instance of singleton bean 'spring.transaction-org.springframework.boot.autoconfigure.transaction.TransactionProperties'
2024-07-06T11:33:31.160+08:00 DEBUG 6656 --- [docker3] [    Test worker] o.s.jdbc.datasource.DataSourceUtils      : Fetching JDBC Connection from DataSource
2024-07-06T11:33:31.160+08:00  INFO 6656 --- [docker3] [    Test worker] o.s.b.c.r.s.JobRepositoryFactoryBean     : No database type set, using meta data indicating: POSTGRES
2024-07-06T11:33:31.164+08:00 DEBUG 6656 --- [docker3] [    Test worker] .t.i.NameMatchTransactionAttributeSource : Adding transactional method [*] with attribute [PROPAGATION_REQUIRED,ISOLATION_DEFAULT]
2024-07-06T11:33:31.164+08:00 DEBUG 6656 --- [docker3] [    Test worker] .t.i.NameMatchTransactionAttributeSource : Adding transactional method [create*] with attribute [PROPAGATION_REQUIRES_NEW,ISOLATION_SERIALIZABLE]
2024-07-06T11:33:31.164+08:00 DEBUG 6656 --- [docker3] [    Test worker] .t.i.NameMatchTransactionAttributeSource : Adding transactional method [getLastJobExecution*] with attribute [PROPAGATION_REQUIRES_NEW,ISOLATION_SERIALIZABLE]
2024-07-06T11:33:31.177+08:00  INFO 6656 --- [docker3] [    Test worker] o.s.b.c.l.support.SimpleJobLauncher      : No TaskExecutor has been set, defaulting to synchronous executor.
2024-07-06T11:33:31.184+08:00 DEBUG 6656 --- [docker3] [    Test worker] o.s.b.f.s.DefaultListableBeanFactory     : Creating shared instance of singleton bean 'importOrdersJob'
2024-07-06T11:33:31.184+08:00 DEBUG 6656 --- [docker3] [    Test worker] o.s.b.f.s.DefaultListableBeanFactory     : Creating shared instance of singleton bean 'batchConfig'
2024-07-06T11:33:31.185+08:00 DEBUG 6656 --- [docker3] [    Test worker] o.s.b.f.s.DefaultListableBeanFactory     : Creating shared instance of singleton bean 'importOrdersStep'
2024-07-06T11:33:31.186+08:00 DEBUG 6656 --- [docker3] [    Test worker] o.s.b.f.s.DefaultListableBeanFactory     : Creating shared instance of singleton bean 'orderItemReader'
2024-07-06T11:33:31.186+08:00 DEBUG 6656 --- [docker3] [    Test worker] o.s.b.f.s.DefaultListableBeanFactory     : Creating shared instance of singleton bean 'userRepository'
2024-07-06T11:33:31.191+08:00 DEBUG 6656 --- [docker3] [    Test worker] o.s.b.f.s.DefaultListableBeanFactory     : Creating shared instance of singleton bean 'jpa.named-queries#1'
2024-07-06T11:33:31.193+08:00 DEBUG 6656 --- [docker3] [    Test worker] o.s.b.f.s.DefaultListableBeanFactory     : Creating shared instance of singleton bean 'jpa.UserRepository.fragments#0'
2024-07-06T11:33:31.197+08:00 DEBUG 6656 --- [docker3] [    Test worker] o.s.b.f.s.DefaultListableBeanFactory     : Creating shared instance of singleton bean 'jpaSharedEM_entityManagerFactory'
2024-07-06T11:33:31.239+08:00 DEBUG 6656 --- [docker3] [    Test worker] o.s.b.f.s.DefaultListableBeanFactory     : Creating shared instance of singleton bean 'jpaMappingContext'
2024-07-06T11:33:31.239+08:00 DEBUG 6656 --- [docker3] [    Test worker] .c.JpaMetamodelMappingContextFactoryBean : Initializing JpaMetamodelMappingContext…
2024-07-06T11:33:31.260+08:00 DEBUG 6656 --- [docker3] [    Test worker] .c.JpaMetamodelMappingContextFactoryBean : Finished initializing JpaMetamodelMappingContext
2024-07-06T11:33:31.282+08:00 DEBUG 6656 --- [docker3] [    Test worker] tor$SharedEntityManagerInvocationHandler : Creating new EntityManager for shared EntityManager invocation
2024-07-06T11:33:31.321+08:00 DEBUG 6656 --- [docker3] [    Test worker] tor$SharedEntityManagerInvocationHandler : Creating new EntityManager for shared EntityManager invocation
2024-07-06T11:33:31.364+08:00 DEBUG 6656 --- [docker3] [    Test worker] o.s.d.r.c.s.RepositoryFactorySupport     : Initializing repository instance for com.docker3.repository.UserRepository…
2024-07-06T11:33:31.378+08:00 DEBUG 6656 --- [docker3] [    Test worker] tor$SharedEntityManagerInvocationHandler : Creating new EntityManager for shared EntityManager invocation
2024-07-06T11:33:31.425+08:00 DEBUG 6656 --- [docker3] [    Test worker] o.s.d.jpa.repository.query.NamedQuery    : Looking up named query Users.findByUsername
2024-07-06T11:33:31.427+08:00 DEBUG 6656 --- [docker3] [    Test worker] o.s.d.jpa.repository.query.NamedQuery    : Did not find named query Users.findByUsername
2024-07-06T11:33:31.429+08:00 DEBUG 6656 --- [docker3] [    Test worker] tor$SharedEntityManagerInvocationHandler : Creating new EntityManager for shared EntityManager invocation
2024-07-06T11:33:31.481+08:00 DEBUG 6656 --- [docker3] [    Test worker] o.s.d.jpa.repository.query.NamedQuery    : Looking up named query Users.findByEmail
2024-07-06T11:33:31.482+08:00 DEBUG 6656 --- [docker3] [    Test worker] o.s.d.jpa.repository.query.NamedQuery    : Did not find named query Users.findByEmail
2024-07-06T11:33:31.482+08:00 DEBUG 6656 --- [docker3] [    Test worker] tor$SharedEntityManagerInvocationHandler : Creating new EntityManager for shared EntityManager invocation
2024-07-06T11:33:31.487+08:00 DEBUG 6656 --- [docker3] [    Test worker] o.s.d.r.c.s.RepositoryFactorySupport     : Finished creation of repository instance for com.docker3.repository.UserRepository.
2024-07-06T11:33:31.490+08:00 DEBUG 6656 --- [docker3] [    Test worker] o.s.b.f.s.DefaultListableBeanFactory     : Autowiring by type from bean name 'orderItemReader' via factory method to bean named 'userRepository'
2024-07-06T11:33:31.502+08:00 DEBUG 6656 --- [docker3] [    Test worker] o.s.b.f.s.DefaultListableBeanFactory     : Creating shared instance of singleton bean 'orderItemProcessor'
2024-07-06T11:33:31.503+08:00 DEBUG 6656 --- [docker3] [    Test worker] o.s.b.f.s.DefaultListableBeanFactory     : Creating shared instance of singleton bean 'orderItemWriter'
2024-07-06T11:33:31.506+08:00 DEBUG 6656 --- [docker3] [    Test worker] o.s.b.f.s.DefaultListableBeanFactory     : Creating shared instance of singleton bean 'orderRepository'
2024-07-06T11:33:31.506+08:00 DEBUG 6656 --- [docker3] [    Test worker] o.s.b.f.s.DefaultListableBeanFactory     : Creating shared instance of singleton bean 'jpa.named-queries#0'
2024-07-06T11:33:31.507+08:00 DEBUG 6656 --- [docker3] [    Test worker] o.s.b.f.s.DefaultListableBeanFactory     : Creating shared instance of singleton bean 'jpa.OrderRepository.fragments#0'
2024-07-06T11:33:31.508+08:00 DEBUG 6656 --- [docker3] [    Test worker] tor$SharedEntityManagerInvocationHandler : Creating new EntityManager for shared EntityManager invocation
2024-07-06T11:33:31.515+08:00 DEBUG 6656 --- [docker3] [    Test worker] o.s.d.r.c.s.RepositoryFactorySupport     : Initializing repository instance for com.docker3.repository.OrderRepository…
2024-07-06T11:33:31.516+08:00 DEBUG 6656 --- [docker3] [    Test worker] tor$SharedEntityManagerInvocationHandler : Creating new EntityManager for shared EntityManager invocation
2024-07-06T11:33:31.523+08:00 DEBUG 6656 --- [docker3] [    Test worker] o.s.d.jpa.repository.query.NamedQuery    : Looking up named query Orders.findAllByUsers
2024-07-06T11:33:31.524+08:00 DEBUG 6656 --- [docker3] [    Test worker] o.s.d.jpa.repository.query.NamedQuery    : Did not find named query Orders.findAllByUsers
2024-07-06T11:33:31.525+08:00 DEBUG 6656 --- [docker3] [    Test worker] tor$SharedEntityManagerInvocationHandler : Creating new EntityManager for shared EntityManager invocation
2024-07-06T11:33:31.529+08:00 DEBUG 6656 --- [docker3] [    Test worker] o.s.d.jpa.repository.query.NamedQuery    : Looking up named query Orders.findByOrderId
2024-07-06T11:33:31.529+08:00 DEBUG 6656 --- [docker3] [    Test worker] o.s.d.jpa.repository.query.NamedQuery    : Did not find named query Orders.findByOrderId
2024-07-06T11:33:31.529+08:00 DEBUG 6656 --- [docker3] [    Test worker] tor$SharedEntityManagerInvocationHandler : Creating new EntityManager for shared EntityManager invocation
2024-07-06T11:33:31.534+08:00 DEBUG 6656 --- [docker3] [    Test worker] o.s.d.r.c.s.RepositoryFactorySupport     : Finished creation of repository instance for com.docker3.repository.OrderRepository.
2024-07-06T11:33:31.535+08:00 DEBUG 6656 --- [docker3] [    Test worker] o.s.b.f.s.DefaultListableBeanFactory     : Creating shared instance of singleton bean 'orderService'
2024-07-06T11:33:31.535+08:00 DEBUG 6656 --- [docker3] [    Test worker] o.s.b.f.s.DefaultListableBeanFactory     : Autowiring by type from bean name 'importOrdersStep' via factory method to bean named 'jobRepository'
2024-07-06T11:33:31.535+08:00 DEBUG 6656 --- [docker3] [    Test worker] o.s.b.f.s.DefaultListableBeanFactory     : Autowiring by type from bean name 'importOrdersStep' via factory method to bean named 'transactionManager'
2024-07-06T11:33:31.536+08:00 DEBUG 6656 --- [docker3] [    Test worker] o.s.b.f.s.DefaultListableBeanFactory     : Autowiring by type from bean name 'importOrdersStep' via factory method to bean named 'orderItemReader'
2024-07-06T11:33:31.536+08:00 DEBUG 6656 --- [docker3] [    Test worker] o.s.b.f.s.DefaultListableBeanFactory     : Autowiring by type from bean name 'importOrdersStep' via factory method to bean named 'orderItemProcessor'
2024-07-06T11:33:31.536+08:00 DEBUG 6656 --- [docker3] [    Test worker] o.s.b.f.s.DefaultListableBeanFactory     : Autowiring by type from bean name 'importOrdersStep' via factory method to bean named 'orderItemWriter'
2024-07-06T11:33:31.574+08:00  INFO 6656 --- [docker3] [    Test worker] .c.a.BatchObservabilityBeanPostProcessor : No Micrometer observation registry found, defaulting to ObservationRegistry.NOOP
2024-07-06T11:33:31.575+08:00 DEBUG 6656 --- [docker3] [    Test worker] o.s.b.f.s.DefaultListableBeanFactory     : Autowiring by type from bean name 'importOrdersJob' via factory method to bean named 'jobRepository'
2024-07-06T11:33:31.575+08:00 DEBUG 6656 --- [docker3] [    Test worker] o.s.b.f.s.DefaultListableBeanFactory     : Autowiring by type from bean name 'importOrdersJob' via factory method to bean named 'importOrdersStep'
2024-07-06T11:33:31.584+08:00  INFO 6656 --- [docker3] [    Test worker] .c.a.BatchObservabilityBeanPostProcessor : No Micrometer observation registry found, defaulting to ObservationRegistry.NOOP
2024-07-06T11:33:31.584+08:00 DEBUG 6656 --- [docker3] [    Test worker] o.s.b.c.c.s.JobRegistryBeanPostProcessor : Registering job: importOrdersJob
2024-07-06T11:33:31.586+08:00 DEBUG 6656 --- [docker3] [    Test worker] o.s.b.f.s.DefaultListableBeanFactory     : Creating shared instance of singleton bean 'authController'
2024-07-06T11:33:31.590+08:00 DEBUG 6656 --- [docker3] [    Test worker] o.s.b.f.s.DefaultListableBeanFactory     : Creating shared instance of singleton bean 'authService'
2024-07-06T11:33:31.592+08:00 DEBUG 6656 --- [docker3] [    Test worker] o.s.b.f.s.DefaultListableBeanFactory     : Creating shared instance of singleton bean 'passwordEncoder'
2024-07-06T11:33:31.594+08:00 DEBUG 6656 --- [docker3] [    Test worker] o.s.b.f.s.DefaultListableBeanFactory     : Creating shared instance of singleton bean 'batchController'
2024-07-06T11:33:31.595+08:00 DEBUG 6656 --- [docker3] [    Test worker] o.s.b.f.s.DefaultListableBeanFactory     : Creating shared instance of singleton bean 'batchService'
2024-07-06T11:33:31.595+08:00 DEBUG 6656 --- [docker3] [    Test worker] o.s.b.f.s.DefaultListableBeanFactory     : Creating shared instance of singleton bean 'orderController'
2024-07-06T11:33:31.599+08:00 DEBUG 6656 --- [docker3] [    Test worker] o.s.b.f.s.DefaultListableBeanFactory     : Creating shared instance of singleton bean 'userController'
2024-07-06T11:33:31.600+08:00 DEBUG 6656 --- [docker3] [    Test worker] o.s.b.f.s.DefaultListableBeanFactory     : Creating shared instance of singleton bean 'userService'
2024-07-06T11:33:31.601+08:00 DEBUG 6656 --- [docker3] [    Test worker] o.s.b.f.s.DefaultListableBeanFactory     : Creating shared instance of singleton bean 'org.springframework.batch.core.configuration.support.ScopeConfiguration'
2024-07-06T11:33:31.601+08:00 DEBUG 6656 --- [docker3] [    Test worker] o.s.b.f.s.DefaultListableBeanFactory     : Creating shared instance of singleton bean 'jobExplorer'
2024-07-06T11:33:31.603+08:00 DEBUG 6656 --- [docker3] [    Test worker] .t.i.NameMatchTransactionAttributeSource : Adding transactional method [find*] with attribute [PROPAGATION_SUPPORTS,ISOLATION_DEFAULT]
2024-07-06T11:33:31.603+08:00 DEBUG 6656 --- [docker3] [    Test worker] .t.i.NameMatchTransactionAttributeSource : Adding transactional method [get*] with attribute [PROPAGATION_SUPPORTS,ISOLATION_DEFAULT]
2024-07-06T11:33:31.605+08:00 DEBUG 6656 --- [docker3] [    Test worker] o.s.b.f.s.DefaultListableBeanFactory     : Creating shared instance of singleton bean 'jobOperator'
2024-07-06T11:33:31.611+08:00 DEBUG 6656 --- [docker3] [    Test worker] .t.i.NameMatchTransactionAttributeSource : Adding transactional method [stop*] with attribute [PROPAGATION_REQUIRED,ISOLATION_DEFAULT]
2024-07-06T11:33:31.613+08:00 DEBUG 6656 --- [docker3] [    Test worker] o.s.b.f.s.DefaultListableBeanFactory     : Creating shared instance of singleton bean 'org.springframework.boot.autoconfigure.context.PropertyPlaceholderAutoConfiguration'
2024-07-06T11:33:31.614+08:00 DEBUG 6656 --- [docker3] [    Test worker] o.s.b.f.s.DefaultListableBeanFactory     : Creating shared instance of singleton bean 'org.springframework.boot.autoconfigure.ssl.SslAutoConfiguration'
2024-07-06T11:33:31.615+08:00 DEBUG 6656 --- [docker3] [    Test worker] o.s.b.f.s.DefaultListableBeanFactory     : Creating shared instance of singleton bean 'spring.ssl-org.springframework.boot.autoconfigure.ssl.SslProperties'
2024-07-06T11:33:31.617+08:00 DEBUG 6656 --- [docker3] [    Test worker] o.s.b.f.s.DefaultListableBeanFactory     : Autowiring by type from bean name 'org.springframework.boot.autoconfigure.ssl.SslAutoConfiguration' via constructor to bean named 'spring.ssl-org.springframework.boot.autoconfigure.ssl.SslProperties'
2024-07-06T11:33:31.618+08:00 DEBUG 6656 --- [docker3] [    Test worker] o.s.b.f.s.DefaultListableBeanFactory     : Creating shared instance of singleton bean 'fileWatcher'
2024-07-06T11:33:31.619+08:00 DEBUG 6656 --- [docker3] [    Test worker] o.s.b.f.s.DefaultListableBeanFactory     : Creating shared instance of singleton bean 'sslPropertiesSslBundleRegistrar'
2024-07-06T11:33:31.619+08:00 DEBUG 6656 --- [docker3] [    Test worker] o.s.b.f.s.DefaultListableBeanFactory     : Autowiring by type from bean name 'sslPropertiesSslBundleRegistrar' via factory method to bean named 'fileWatcher'
2024-07-06T11:33:31.623+08:00 DEBUG 6656 --- [docker3] [    Test worker] o.s.b.f.s.DefaultListableBeanFactory     : Creating shared instance of singleton bean 'sslBundleRegistry'
2024-07-06T11:33:31.630+08:00 DEBUG 6656 --- [docker3] [    Test worker] o.s.b.f.s.DefaultListableBeanFactory     : Creating shared instance of singleton bean 'org.springframework.boot.context.properties.EnableConfigurationPropertiesRegistrar.methodValidationExcludeFilter'
2024-07-06T11:33:31.631+08:00 DEBUG 6656 --- [docker3] [    Test worker] o.s.b.f.s.DefaultListableBeanFactory     : Creating shared instance of singleton bean 'org.springframework.boot.autoconfigure.websocket.servlet.WebSocketServletAutoConfiguration$TomcatWebSocketConfiguration'
2024-07-06T11:33:31.632+08:00 DEBUG 6656 --- [docker3] [    Test worker] o.s.b.f.s.DefaultListableBeanFactory     : Creating shared instance of singleton bean 'websocketServletWebServerCustomizer'
2024-07-06T11:33:31.634+08:00 DEBUG 6656 --- [docker3] [    Test worker] o.s.b.f.s.DefaultListableBeanFactory     : Creating shared instance of singleton bean 'org.springframework.boot.autoconfigure.websocket.servlet.WebSocketServletAutoConfiguration'
2024-07-06T11:33:31.635+08:00 DEBUG 6656 --- [docker3] [    Test worker] o.s.b.f.s.DefaultListableBeanFactory     : Creating shared instance of singleton bean 'org.springframework.boot.autoconfigure.web.servlet.ServletWebServerFactoryConfiguration$EmbeddedTomcat'
2024-07-06T11:33:31.635+08:00 DEBUG 6656 --- [docker3] [    Test worker] o.s.b.f.s.DefaultListableBeanFactory     : Creating shared instance of singleton bean 'tomcatServletWebServerFactory'
2024-07-06T11:33:31.689+08:00 DEBUG 6656 --- [docker3] [    Test worker] o.s.b.f.s.DefaultListableBeanFactory     : Creating shared instance of singleton bean 'servletWebServerFactoryCustomizer'
2024-07-06T11:33:31.689+08:00 DEBUG 6656 --- [docker3] [    Test worker] o.s.b.f.s.DefaultListableBeanFactory     : Creating shared instance of singleton bean 'org.springframework.boot.autoconfigure.web.servlet.ServletWebServerFactoryAutoConfiguration'
2024-07-06T11:33:31.691+08:00 DEBUG 6656 --- [docker3] [    Test worker] o.s.b.f.s.DefaultListableBeanFactory     : Creating shared instance of singleton bean 'server-org.springframework.boot.autoconfigure.web.ServerProperties'
2024-07-06T11:33:31.702+08:00 DEBUG 6656 --- [docker3] [    Test worker] o.s.b.f.s.DefaultListableBeanFactory     : Autowiring by type from bean name 'servletWebServerFactoryCustomizer' via factory method to bean named 'server-org.springframework.boot.autoconfigure.web.ServerProperties'
2024-07-06T11:33:31.704+08:00 DEBUG 6656 --- [docker3] [    Test worker] o.s.b.f.s.DefaultListableBeanFactory     : Creating shared instance of singleton bean 'tomcatServletWebServerFactoryCustomizer'
2024-07-06T11:33:31.706+08:00 DEBUG 6656 --- [docker3] [    Test worker] o.s.b.f.s.DefaultListableBeanFactory     : Autowiring by type from bean name 'tomcatServletWebServerFactoryCustomizer' via factory method to bean named 'server-org.springframework.boot.autoconfigure.web.ServerProperties'
2024-07-06T11:33:31.706+08:00 DEBUG 6656 --- [docker3] [    Test worker] o.s.b.f.s.DefaultListableBeanFactory     : Creating shared instance of singleton bean 'localeCharsetMappingsCustomizer'
2024-07-06T11:33:31.706+08:00 DEBUG 6656 --- [docker3] [    Test worker] o.s.b.f.s.DefaultListableBeanFactory     : Creating shared instance of singleton bean 'org.springframework.boot.autoconfigure.web.servlet.HttpEncodingAutoConfiguration'
2024-07-06T11:33:31.707+08:00 DEBUG 6656 --- [docker3] [    Test worker] o.s.b.f.s.DefaultListableBeanFactory     : Autowiring by type from bean name 'org.springframework.boot.autoconfigure.web.servlet.HttpEncodingAutoConfiguration' via constructor to bean named 'server-org.springframework.boot.autoconfigure.web.ServerProperties'
2024-07-06T11:33:31.720+08:00 DEBUG 6656 --- [docker3] [    Test worker] o.s.b.f.s.DefaultListableBeanFactory     : Creating shared instance of singleton bean 'errorPageCustomizer'
2024-07-06T11:33:31.721+08:00 DEBUG 6656 --- [docker3] [    Test worker] o.s.b.f.s.DefaultListableBeanFactory     : Creating shared instance of singleton bean 'org.springframework.boot.autoconfigure.web.servlet.error.ErrorMvcAutoConfiguration'
2024-07-06T11:33:31.721+08:00 DEBUG 6656 --- [docker3] [    Test worker] o.s.b.f.s.DefaultListableBeanFactory     : Autowiring by type from bean name 'org.springframework.boot.autoconfigure.web.servlet.error.ErrorMvcAutoConfiguration' via constructor to bean named 'server-org.springframework.boot.autoconfigure.web.ServerProperties'
2024-07-06T11:33:31.723+08:00 DEBUG 6656 --- [docker3] [    Test worker] o.s.b.f.s.DefaultListableBeanFactory     : Creating shared instance of singleton bean 'dispatcherServletRegistration'
2024-07-06T11:33:31.723+08:00 DEBUG 6656 --- [docker3] [    Test worker] o.s.b.f.s.DefaultListableBeanFactory     : Creating shared instance of singleton bean 'org.springframework.boot.autoconfigure.web.servlet.DispatcherServletAutoConfiguration$DispatcherServletRegistrationConfiguration'
2024-07-06T11:33:31.724+08:00 DEBUG 6656 --- [docker3] [    Test worker] o.s.b.f.s.DefaultListableBeanFactory     : Creating shared instance of singleton bean 'dispatcherServlet'
2024-07-06T11:33:31.724+08:00 DEBUG 6656 --- [docker3] [    Test worker] o.s.b.f.s.DefaultListableBeanFactory     : Creating shared instance of singleton bean 'org.springframework.boot.autoconfigure.web.servlet.DispatcherServletAutoConfiguration$DispatcherServletConfiguration'
2024-07-06T11:33:31.725+08:00 DEBUG 6656 --- [docker3] [    Test worker] o.s.b.f.s.DefaultListableBeanFactory     : Creating shared instance of singleton bean 'spring.mvc-org.springframework.boot.autoconfigure.web.servlet.WebMvcProperties'
2024-07-06T11:33:31.730+08:00 DEBUG 6656 --- [docker3] [    Test worker] o.s.b.f.s.DefaultListableBeanFactory     : Autowiring by type from bean name 'dispatcherServlet' via factory method to bean named 'spring.mvc-org.springframework.boot.autoconfigure.web.servlet.WebMvcProperties'
2024-07-06T11:33:31.746+08:00 DEBUG 6656 --- [docker3] [    Test worker] o.s.b.f.s.DefaultListableBeanFactory     : Autowiring by type from bean name 'dispatcherServletRegistration' via factory method to bean named 'dispatcherServlet'
2024-07-06T11:33:31.746+08:00 DEBUG 6656 --- [docker3] [    Test worker] o.s.b.f.s.DefaultListableBeanFactory     : Autowiring by type from bean name 'dispatcherServletRegistration' via factory method to bean named 'spring.mvc-org.springframework.boot.autoconfigure.web.servlet.WebMvcProperties'
2024-07-06T11:33:31.748+08:00 DEBUG 6656 --- [docker3] [    Test worker] o.s.b.f.s.DefaultListableBeanFactory     : Creating shared instance of singleton bean 'multipartConfigElement'
2024-07-06T11:33:31.749+08:00 DEBUG 6656 --- [docker3] [    Test worker] o.s.b.f.s.DefaultListableBeanFactory     : Creating shared instance of singleton bean 'org.springframework.boot.autoconfigure.web.servlet.MultipartAutoConfiguration'
2024-07-06T11:33:31.749+08:00 DEBUG 6656 --- [docker3] [    Test worker] o.s.b.f.s.DefaultListableBeanFactory     : Creating shared instance of singleton bean 'spring.servlet.multipart-org.springframework.boot.autoconfigure.web.servlet.MultipartProperties'
2024-07-06T11:33:31.754+08:00 DEBUG 6656 --- [docker3] [    Test worker] o.s.b.f.s.DefaultListableBeanFactory     : Autowiring by type from bean name 'org.springframework.boot.autoconfigure.web.servlet.MultipartAutoConfiguration' via constructor to bean named 'spring.servlet.multipart-org.springframework.boot.autoconfigure.web.servlet.MultipartProperties'
2024-07-06T11:33:31.759+08:00 DEBUG 6656 --- [docker3] [    Test worker] o.s.b.f.s.DefaultListableBeanFactory     : Autowiring by type from bean name 'errorPageCustomizer' via factory method to bean named 'dispatcherServletRegistration'
2024-07-06T11:33:31.762+08:00 DEBUG 6656 --- [docker3] [    Test worker] o.s.b.f.s.DefaultListableBeanFactory     : Creating shared instance of singleton bean 'org.springframework.boot.autoconfigure.web.servlet.DispatcherServletAutoConfiguration'
2024-07-06T11:33:31.763+08:00 DEBUG 6656 --- [docker3] [    Test worker] o.s.b.f.s.DefaultListableBeanFactory     : Creating shared instance of singleton bean 'org.springframework.boot.autoconfigure.task.TaskExecutorConfigurations$ThreadPoolTaskExecutorBuilderConfiguration'
2024-07-06T11:33:31.763+08:00 DEBUG 6656 --- [docker3] [    Test worker] o.s.b.f.s.DefaultListableBeanFactory     : Creating shared instance of singleton bean 'threadPoolTaskExecutorBuilder'
2024-07-06T11:33:31.765+08:00 DEBUG 6656 --- [docker3] [    Test worker] o.s.b.f.s.DefaultListableBeanFactory     : Creating shared instance of singleton bean 'spring.task.execution-org.springframework.boot.autoconfigure.task.TaskExecutionProperties'
2024-07-06T11:33:31.767+08:00 DEBUG 6656 --- [docker3] [    Test worker] o.s.b.f.s.DefaultListableBeanFactory     : Autowiring by type from bean name 'threadPoolTaskExecutorBuilder' via factory method to bean named 'spring.task.execution-org.springframework.boot.autoconfigure.task.TaskExecutionProperties'
2024-07-06T11:33:31.772+08:00 DEBUG 6656 --- [docker3] [    Test worker] o.s.b.f.s.DefaultListableBeanFactory     : Creating shared instance of singleton bean 'org.springframework.boot.autoconfigure.task.TaskExecutorConfigurations$TaskExecutorBuilderConfiguration'
2024-07-06T11:33:31.773+08:00 DEBUG 6656 --- [docker3] [    Test worker] o.s.b.f.s.DefaultListableBeanFactory     : Creating shared instance of singleton bean 'taskExecutorBuilder'
2024-07-06T11:33:31.774+08:00 DEBUG 6656 --- [docker3] [    Test worker] o.s.b.f.s.DefaultListableBeanFactory     : Autowiring by type from bean name 'taskExecutorBuilder' via factory method to bean named 'spring.task.execution-org.springframework.boot.autoconfigure.task.TaskExecutionProperties'
2024-07-06T11:33:31.776+08:00 DEBUG 6656 --- [docker3] [    Test worker] o.s.b.f.s.DefaultListableBeanFactory     : Creating shared instance of singleton bean 'org.springframework.boot.autoconfigure.task.TaskExecutorConfigurations$SimpleAsyncTaskExecutorBuilderConfiguration'
2024-07-06T11:33:31.777+08:00 DEBUG 6656 --- [docker3] [    Test worker] o.s.b.f.s.DefaultListableBeanFactory     : Autowiring by type from bean name 'org.springframework.boot.autoconfigure.task.TaskExecutorConfigurations$SimpleAsyncTaskExecutorBuilderConfiguration' via constructor to bean named 'spring.task.execution-org.springframework.boot.autoconfigure.task.TaskExecutionProperties'
2024-07-06T11:33:31.779+08:00 DEBUG 6656 --- [docker3] [    Test worker] o.s.b.f.s.DefaultListableBeanFactory     : Creating shared instance of singleton bean 'simpleAsyncTaskExecutorBuilder'
2024-07-06T11:33:31.782+08:00 DEBUG 6656 --- [docker3] [    Test worker] o.s.b.f.s.DefaultListableBeanFactory     : Creating shared instance of singleton bean 'org.springframework.boot.autoconfigure.task.TaskExecutorConfigurations$TaskExecutorConfiguration'
2024-07-06T11:33:31.783+08:00 DEBUG 6656 --- [docker3] [    Test worker] o.s.b.f.s.DefaultListableBeanFactory     : Creating shared instance of singleton bean 'org.springframework.boot.autoconfigure.task.TaskExecutionAutoConfiguration'
2024-07-06T11:33:31.783+08:00 DEBUG 6656 --- [docker3] [    Test worker] o.s.b.f.s.DefaultListableBeanFactory     : Creating shared instance of singleton bean 'org.springframework.boot.autoconfigure.web.servlet.error.ErrorMvcAutoConfiguration$WhitelabelErrorViewConfiguration'
2024-07-06T11:33:31.785+08:00 DEBUG 6656 --- [docker3] [    Test worker] o.s.b.f.s.DefaultListableBeanFactory     : Creating shared instance of singleton bean 'error'
2024-07-06T11:33:31.786+08:00 DEBUG 6656 --- [docker3] [    Test worker] o.s.b.f.s.DefaultListableBeanFactory     : Creating shared instance of singleton bean 'beanNameViewResolver'
2024-07-06T11:33:31.790+08:00 DEBUG 6656 --- [docker3] [    Test worker] o.s.b.f.s.DefaultListableBeanFactory     : Creating shared instance of singleton bean 'org.springframework.boot.autoconfigure.web.servlet.error.ErrorMvcAutoConfiguration$DefaultErrorViewResolverConfiguration'
2024-07-06T11:33:31.791+08:00 DEBUG 6656 --- [docker3] [    Test worker] o.s.b.f.s.DefaultListableBeanFactory     : Creating shared instance of singleton bean 'spring.web-org.springframework.boot.autoconfigure.web.WebProperties'
2024-07-06T11:33:31.797+08:00 DEBUG 6656 --- [docker3] [    Test worker] o.s.b.f.s.DefaultListableBeanFactory     : Autowiring by type from bean name 'org.springframework.boot.autoconfigure.web.servlet.error.ErrorMvcAutoConfiguration$DefaultErrorViewResolverConfiguration' via constructor to bean named 'org.springframework.web.context.support.GenericWebApplicationContext@53093491'
2024-07-06T11:33:31.797+08:00 DEBUG 6656 --- [docker3] [    Test worker] o.s.b.f.s.DefaultListableBeanFactory     : Autowiring by type from bean name 'org.springframework.boot.autoconfigure.web.servlet.error.ErrorMvcAutoConfiguration$DefaultErrorViewResolverConfiguration' via constructor to bean named 'spring.web-org.springframework.boot.autoconfigure.web.WebProperties'
2024-07-06T11:33:31.797+08:00 DEBUG 6656 --- [docker3] [    Test worker] o.s.b.f.s.DefaultListableBeanFactory     : Creating shared instance of singleton bean 'conventionErrorViewResolver'
2024-07-06T11:33:31.802+08:00 DEBUG 6656 --- [docker3] [    Test worker] o.s.b.f.s.DefaultListableBeanFactory     : Creating shared instance of singleton bean 'errorAttributes'
2024-07-06T11:33:31.805+08:00 DEBUG 6656 --- [docker3] [    Test worker] o.s.b.f.s.DefaultListableBeanFactory     : Creating shared instance of singleton bean 'basicErrorController'
2024-07-06T11:33:31.806+08:00 DEBUG 6656 --- [docker3] [    Test worker] o.s.b.f.s.DefaultListableBeanFactory     : Autowiring by type from bean name 'basicErrorController' via factory method to bean named 'errorAttributes'
2024-07-06T11:33:31.811+08:00 DEBUG 6656 --- [docker3] [    Test worker] o.s.b.f.s.DefaultListableBeanFactory     : Creating shared instance of singleton bean 'org.springframework.boot.autoconfigure.web.servlet.WebMvcAutoConfiguration$EnableWebMvcConfiguration'
2024-07-06T11:33:31.813+08:00 DEBUG 6656 --- [docker3] [    Test worker] o.s.b.f.s.DefaultListableBeanFactory     : Autowiring by type from bean name 'org.springframework.boot.autoconfigure.web.servlet.WebMvcAutoConfiguration$EnableWebMvcConfiguration' via constructor to bean named 'spring.mvc-org.springframework.boot.autoconfigure.web.servlet.WebMvcProperties'
2024-07-06T11:33:31.813+08:00 DEBUG 6656 --- [docker3] [    Test worker] o.s.b.f.s.DefaultListableBeanFactory     : Autowiring by type from bean name 'org.springframework.boot.autoconfigure.web.servlet.WebMvcAutoConfiguration$EnableWebMvcConfiguration' via constructor to bean named 'spring.web-org.springframework.boot.autoconfigure.web.WebProperties'
2024-07-06T11:33:31.813+08:00 DEBUG 6656 --- [docker3] [    Test worker] o.s.b.f.s.DefaultListableBeanFactory     : Autowiring by type from bean name 'org.springframework.boot.autoconfigure.web.servlet.WebMvcAutoConfiguration$EnableWebMvcConfiguration' via constructor to bean named 'org.springframework.beans.factory.support.DefaultListableBeanFactory@4cbf4f53'
2024-07-06T11:33:31.819+08:00 DEBUG 6656 --- [docker3] [    Test worker] o.s.b.f.s.DefaultListableBeanFactory     : Creating shared instance of singleton bean 'org.springframework.boot.autoconfigure.web.servlet.WebMvcAutoConfiguration$WebMvcAutoConfigurationAdapter'
2024-07-06T11:33:31.819+08:00 DEBUG 6656 --- [docker3] [    Test worker] o.s.b.f.s.DefaultListableBeanFactory     : Autowiring by type from bean name 'org.springframework.boot.autoconfigure.web.servlet.WebMvcAutoConfiguration$WebMvcAutoConfigurationAdapter' via constructor to bean named 'spring.web-org.springframework.boot.autoconfigure.web.WebProperties'
2024-07-06T11:33:31.819+08:00 DEBUG 6656 --- [docker3] [    Test worker] o.s.b.f.s.DefaultListableBeanFactory     : Autowiring by type from bean name 'org.springframework.boot.autoconfigure.web.servlet.WebMvcAutoConfiguration$WebMvcAutoConfigurationAdapter' via constructor to bean named 'spring.mvc-org.springframework.boot.autoconfigure.web.servlet.WebMvcProperties'
2024-07-06T11:33:31.819+08:00 DEBUG 6656 --- [docker3] [    Test worker] o.s.b.f.s.DefaultListableBeanFactory     : Autowiring by type from bean name 'org.springframework.boot.autoconfigure.web.servlet.WebMvcAutoConfiguration$WebMvcAutoConfigurationAdapter' via constructor to bean named 'org.springframework.beans.factory.support.DefaultListableBeanFactory@4cbf4f53'
2024-07-06T11:33:31.821+08:00 DEBUG 6656 --- [docker3] [    Test worker] o.s.b.f.s.DefaultListableBeanFactory     : Creating shared instance of singleton bean 'openEntityManagerInViewInterceptorConfigurer'
2024-07-06T11:33:31.821+08:00 DEBUG 6656 --- [docker3] [    Test worker] o.s.b.f.s.DefaultListableBeanFactory     : Creating shared instance of singleton bean 'org.springframework.boot.autoconfigure.orm.jpa.JpaBaseConfiguration$JpaWebConfiguration'
2024-07-06T11:33:31.821+08:00 DEBUG 6656 --- [docker3] [    Test worker] o.s.b.f.s.DefaultListableBeanFactory     : Autowiring by type from bean name 'org.springframework.boot.autoconfigure.orm.jpa.JpaBaseConfiguration$JpaWebConfiguration' via constructor to bean named 'spring.jpa-org.springframework.boot.autoconfigure.orm.jpa.JpaProperties'
2024-07-06T11:33:31.823+08:00 DEBUG 6656 --- [docker3] [    Test worker] o.s.b.f.s.DefaultListableBeanFactory     : Creating shared instance of singleton bean 'openEntityManagerInViewInterceptor'
2024-07-06T11:33:31.823+08:00  WARN 6656 --- [docker3] [    Test worker] JpaBaseConfiguration$JpaWebConfiguration : spring.jpa.open-in-view is enabled by default. Therefore, database queries may be performed during view rendering. Explicitly configure spring.jpa.open-in-view to disable this warning
2024-07-06T11:33:31.825+08:00 DEBUG 6656 --- [docker3] [    Test worker] o.s.b.f.s.DefaultListableBeanFactory     : Autowiring by type from bean name 'openEntityManagerInViewInterceptorConfigurer' via factory method to bean named 'openEntityManagerInViewInterceptor'
2024-07-06T11:33:31.827+08:00 DEBUG 6656 --- [docker3] [    Test worker] o.s.b.f.s.DefaultListableBeanFactory     : Creating shared instance of singleton bean 'org.springframework.data.web.config.SpringDataWebConfiguration'
2024-07-06T11:33:31.829+08:00 DEBUG 6656 --- [docker3] [    Test worker] o.s.b.f.s.DefaultListableBeanFactory     : Autowiring by type from bean name 'org.springframework.data.web.config.SpringDataWebConfiguration' via constructor to bean named 'org.springframework.web.context.support.GenericWebApplicationContext@53093491'
2024-07-06T11:33:31.833+08:00 DEBUG 6656 --- [docker3] [    Test worker] o.s.b.f.s.DefaultListableBeanFactory     : Creating shared instance of singleton bean 'welcomePageHandlerMapping'
2024-07-06T11:33:31.835+08:00 DEBUG 6656 --- [docker3] [    Test worker] o.s.b.f.s.DefaultListableBeanFactory     : Creating shared instance of singleton bean 'mvcConversionService'
2024-07-06T11:33:31.846+08:00 DEBUG 6656 --- [docker3] [    Test worker] o.s.b.f.s.DefaultListableBeanFactory     : Creating shared instance of singleton bean 'mvcResourceUrlProvider'
2024-07-06T11:33:31.848+08:00 DEBUG 6656 --- [docker3] [    Test worker] o.s.b.f.s.DefaultListableBeanFactory     : Autowiring by type from bean name 'welcomePageHandlerMapping' via factory method to bean named 'org.springframework.web.context.support.GenericWebApplicationContext@53093491'
2024-07-06T11:33:31.848+08:00 DEBUG 6656 --- [docker3] [    Test worker] o.s.b.f.s.DefaultListableBeanFactory     : Autowiring by type from bean name 'welcomePageHandlerMapping' via factory method to bean named 'mvcConversionService'
2024-07-06T11:33:31.850+08:00 DEBUG 6656 --- [docker3] [    Test worker] o.s.b.f.s.DefaultListableBeanFactory     : Autowiring by type from bean name 'welcomePageHandlerMapping' via factory method to bean named 'mvcResourceUrlProvider'
2024-07-06T11:33:31.873+08:00 DEBUG 6656 --- [docker3] [    Test worker] o.s.b.f.s.DefaultListableBeanFactory     : Creating shared instance of singleton bean 'welcomePageNotAcceptableHandlerMapping'
2024-07-06T11:33:31.874+08:00 DEBUG 6656 --- [docker3] [    Test worker] o.s.b.f.s.DefaultListableBeanFactory     : Autowiring by type from bean name 'welcomePageNotAcceptableHandlerMapping' via factory method to bean named 'org.springframework.web.context.support.GenericWebApplicationContext@53093491'
2024-07-06T11:33:31.874+08:00 DEBUG 6656 --- [docker3] [    Test worker] o.s.b.f.s.DefaultListableBeanFactory     : Autowiring by type from bean name 'welcomePageNotAcceptableHandlerMapping' via factory method to bean named 'mvcConversionService'
2024-07-06T11:33:31.874+08:00 DEBUG 6656 --- [docker3] [    Test worker] o.s.b.f.s.DefaultListableBeanFactory     : Autowiring by type from bean name 'welcomePageNotAcceptableHandlerMapping' via factory method to bean named 'mvcResourceUrlProvider'
2024-07-06T11:33:31.881+08:00 DEBUG 6656 --- [docker3] [    Test worker] o.s.b.f.s.DefaultListableBeanFactory     : Creating shared instance of singleton bean 'localeResolver'
2024-07-06T11:33:31.884+08:00 DEBUG 6656 --- [docker3] [    Test worker] o.s.b.f.s.DefaultListableBeanFactory     : Creating shared instance of singleton bean 'themeResolver'
2024-07-06T11:33:31.886+08:00 DEBUG 6656 --- [docker3] [    Test worker] o.s.b.f.s.DefaultListableBeanFactory     : Creating shared instance of singleton bean 'flashMapManager'
2024-07-06T11:33:31.889+08:00 DEBUG 6656 --- [docker3] [    Test worker] o.s.b.f.s.DefaultListableBeanFactory     : Creating shared instance of singleton bean 'mvcValidator'
2024-07-06T11:33:31.891+08:00 DEBUG 6656 --- [docker3] [    Test worker] o.s.b.f.s.DefaultListableBeanFactory     : Creating shared instance of singleton bean 'mvcContentNegotiationManager'
2024-07-06T11:33:31.899+08:00 DEBUG 6656 --- [docker3] [    Test worker] o.s.b.f.s.DefaultListableBeanFactory     : Creating shared instance of singleton bean 'requestMappingHandlerMapping'
2024-07-06T11:33:31.906+08:00 DEBUG 6656 --- [docker3] [    Test worker] o.s.b.f.s.DefaultListableBeanFactory     : Autowiring by type from bean name 'requestMappingHandlerMapping' via factory method to bean named 'mvcContentNegotiationManager'
2024-07-06T11:33:31.906+08:00 DEBUG 6656 --- [docker3] [    Test worker] o.s.b.f.s.DefaultListableBeanFactory     : Autowiring by type from bean name 'requestMappingHandlerMapping' via factory method to bean named 'mvcConversionService'
2024-07-06T11:33:31.906+08:00 DEBUG 6656 --- [docker3] [    Test worker] o.s.b.f.s.DefaultListableBeanFactory     : Autowiring by type from bean name 'requestMappingHandlerMapping' via factory method to bean named 'mvcResourceUrlProvider'
2024-07-06T11:33:31.978+08:00 DEBUG 6656 --- [docker3] [    Test worker] s.w.s.m.m.a.RequestMappingHandlerMapping : 22 mappings in 'requestMappingHandlerMapping'
2024-07-06T11:33:31.982+08:00 DEBUG 6656 --- [docker3] [    Test worker] o.s.b.f.s.DefaultListableBeanFactory     : Creating shared instance of singleton bean 'mvcPatternParser'
2024-07-06T11:33:31.983+08:00 DEBUG 6656 --- [docker3] [    Test worker] o.s.b.f.s.DefaultListableBeanFactory     : Creating shared instance of singleton bean 'mvcUrlPathHelper'
2024-07-06T11:33:31.985+08:00 DEBUG 6656 --- [docker3] [    Test worker] o.s.b.f.s.DefaultListableBeanFactory     : Creating shared instance of singleton bean 'mvcPathMatcher'
2024-07-06T11:33:31.986+08:00 DEBUG 6656 --- [docker3] [    Test worker] o.s.b.f.s.DefaultListableBeanFactory     : Creating shared instance of singleton bean 'viewControllerHandlerMapping'
2024-07-06T11:33:31.987+08:00 DEBUG 6656 --- [docker3] [    Test worker] o.s.b.f.s.DefaultListableBeanFactory     : Autowiring by type from bean name 'viewControllerHandlerMapping' via factory method to bean named 'mvcConversionService'
2024-07-06T11:33:31.987+08:00 DEBUG 6656 --- [docker3] [    Test worker] o.s.b.f.s.DefaultListableBeanFactory     : Autowiring by type from bean name 'viewControllerHandlerMapping' via factory method to bean named 'mvcResourceUrlProvider'
2024-07-06T11:33:31.988+08:00 DEBUG 6656 --- [docker3] [    Test worker] o.s.b.f.s.DefaultListableBeanFactory     : Creating shared instance of singleton bean 'beanNameHandlerMapping'
2024-07-06T11:33:31.988+08:00 DEBUG 6656 --- [docker3] [    Test worker] o.s.b.f.s.DefaultListableBeanFactory     : Autowiring by type from bean name 'beanNameHandlerMapping' via factory method to bean named 'mvcConversionService'
2024-07-06T11:33:31.988+08:00 DEBUG 6656 --- [docker3] [    Test worker] o.s.b.f.s.DefaultListableBeanFactory     : Autowiring by type from bean name 'beanNameHandlerMapping' via factory method to bean named 'mvcResourceUrlProvider'
2024-07-06T11:33:31.992+08:00 DEBUG 6656 --- [docker3] [    Test worker] o.s.b.f.s.DefaultListableBeanFactory     : Creating shared instance of singleton bean 'routerFunctionMapping'
2024-07-06T11:33:31.993+08:00 DEBUG 6656 --- [docker3] [    Test worker] o.s.b.f.s.DefaultListableBeanFactory     : Autowiring by type from bean name 'routerFunctionMapping' via factory method to bean named 'mvcConversionService'
2024-07-06T11:33:31.993+08:00 DEBUG 6656 --- [docker3] [    Test worker] o.s.b.f.s.DefaultListableBeanFactory     : Autowiring by type from bean name 'routerFunctionMapping' via factory method to bean named 'mvcResourceUrlProvider'
2024-07-06T11:33:31.995+08:00 DEBUG 6656 --- [docker3] [    Test worker] o.s.b.f.s.DefaultListableBeanFactory     : Creating shared instance of singleton bean 'messageConverters'
2024-07-06T11:33:31.995+08:00 DEBUG 6656 --- [docker3] [    Test worker] o.s.b.f.s.DefaultListableBeanFactory     : Creating shared instance of singleton bean 'org.springframework.boot.autoconfigure.http.HttpMessageConvertersAutoConfiguration'
2024-07-06T11:33:31.999+08:00 DEBUG 6656 --- [docker3] [    Test worker] o.s.b.f.s.DefaultListableBeanFactory     : Creating shared instance of singleton bean 'stringHttpMessageConverter'
2024-07-06T11:33:31.999+08:00 DEBUG 6656 --- [docker3] [    Test worker] o.s.b.f.s.DefaultListableBeanFactory     : Creating shared instance of singleton bean 'org.springframework.boot.autoconfigure.http.HttpMessageConvertersAutoConfiguration$StringHttpMessageConverterConfiguration'
2024-07-06T11:33:32.000+08:00 DEBUG 6656 --- [docker3] [    Test worker] o.s.b.f.s.DefaultListableBeanFactory     : Autowiring by type from bean name 'stringHttpMessageConverter' via factory method to bean named 'environment'
2024-07-06T11:33:32.005+08:00 DEBUG 6656 --- [docker3] [    Test worker] o.s.b.f.s.DefaultListableBeanFactory     : Creating shared instance of singleton bean 'mappingJackson2HttpMessageConverter'
2024-07-06T11:33:32.005+08:00 DEBUG 6656 --- [docker3] [    Test worker] o.s.b.f.s.DefaultListableBeanFactory     : Creating shared instance of singleton bean 'org.springframework.boot.autoconfigure.http.JacksonHttpMessageConvertersConfiguration$MappingJackson2HttpMessageConverterConfiguration'
2024-07-06T11:33:32.006+08:00 DEBUG 6656 --- [docker3] [    Test worker] o.s.b.f.s.DefaultListableBeanFactory     : Creating shared instance of singleton bean 'jacksonObjectMapper'
2024-07-06T11:33:32.006+08:00 DEBUG 6656 --- [docker3] [    Test worker] o.s.b.f.s.DefaultListableBeanFactory     : Creating shared instance of singleton bean 'org.springframework.boot.autoconfigure.jackson.JacksonAutoConfiguration$JacksonObjectMapperConfiguration'
2024-07-06T11:33:32.008+08:00 DEBUG 6656 --- [docker3] [    Test worker] o.s.b.f.s.DefaultListableBeanFactory     : Creating shared instance of singleton bean 'org.springframework.boot.autoconfigure.jackson.JacksonAutoConfiguration$JacksonObjectMapperBuilderConfiguration'
2024-07-06T11:33:32.009+08:00 DEBUG 6656 --- [docker3] [    Test worker] o.s.b.f.s.DefaultListableBeanFactory     : Creating shared instance of singleton bean 'standardJacksonObjectMapperBuilderCustomizer'
2024-07-06T11:33:32.009+08:00 DEBUG 6656 --- [docker3] [    Test worker] o.s.b.f.s.DefaultListableBeanFactory     : Creating shared instance of singleton bean 'org.springframework.boot.autoconfigure.jackson.JacksonAutoConfiguration$Jackson2ObjectMapperBuilderCustomizerConfiguration'
2024-07-06T11:33:32.010+08:00 DEBUG 6656 --- [docker3] [    Test worker] o.s.b.f.s.DefaultListableBeanFactory     : Creating shared instance of singleton bean 'spring.jackson-org.springframework.boot.autoconfigure.jackson.JacksonProperties'
2024-07-06T11:33:32.013+08:00 DEBUG 6656 --- [docker3] [    Test worker] o.s.b.f.s.DefaultListableBeanFactory     : Autowiring by type from bean name 'standardJacksonObjectMapperBuilderCustomizer' via factory method to bean named 'spring.jackson-org.springframework.boot.autoconfigure.jackson.JacksonProperties'
2024-07-06T11:33:32.015+08:00 DEBUG 6656 --- [docker3] [    Test worker] o.s.b.f.s.DefaultListableBeanFactory     : Creating shared instance of singleton bean 'parameterNamesModule'
2024-07-06T11:33:32.015+08:00 DEBUG 6656 --- [docker3] [    Test worker] o.s.b.f.s.DefaultListableBeanFactory     : Creating shared instance of singleton bean 'org.springframework.boot.autoconfigure.jackson.JacksonAutoConfiguration$ParameterNamesModuleConfiguration'
2024-07-06T11:33:32.020+08:00 DEBUG 6656 --- [docker3] [    Test worker] o.s.b.f.s.DefaultListableBeanFactory     : Creating shared instance of singleton bean 'jsonMixinModule'
2024-07-06T11:33:32.020+08:00 DEBUG 6656 --- [docker3] [    Test worker] o.s.b.f.s.DefaultListableBeanFactory     : Creating shared instance of singleton bean 'org.springframework.boot.autoconfigure.jackson.JacksonAutoConfiguration$JacksonMixinConfiguration'
2024-07-06T11:33:32.021+08:00 DEBUG 6656 --- [docker3] [    Test worker] o.s.b.f.s.DefaultListableBeanFactory     : Creating shared instance of singleton bean 'jsonMixinModuleEntries'
2024-07-06T11:33:32.021+08:00 DEBUG 6656 --- [docker3] [    Test worker] o.s.b.f.s.DefaultListableBeanFactory     : Autowiring by type from bean name 'jsonMixinModuleEntries' via factory method to bean named 'org.springframework.web.context.support.GenericWebApplicationContext@53093491'
2024-07-06T11:33:32.030+08:00 DEBUG 6656 --- [docker3] [    Test worker] o.s.b.f.s.DefaultListableBeanFactory     : Autowiring by type from bean name 'jsonMixinModule' via factory method to bean named 'org.springframework.web.context.support.GenericWebApplicationContext@53093491'
2024-07-06T11:33:32.030+08:00 DEBUG 6656 --- [docker3] [    Test worker] o.s.b.f.s.DefaultListableBeanFactory     : Autowiring by type from bean name 'jsonMixinModule' via factory method to bean named 'jsonMixinModuleEntries'
2024-07-06T11:33:32.032+08:00 DEBUG 6656 --- [docker3] [    Test worker] o.s.b.f.s.DefaultListableBeanFactory     : Creating shared instance of singleton bean 'jsonComponentModule'
2024-07-06T11:33:32.032+08:00 DEBUG 6656 --- [docker3] [    Test worker] o.s.b.f.s.DefaultListableBeanFactory     : Creating shared instance of singleton bean 'org.springframework.boot.autoconfigure.jackson.JacksonAutoConfiguration'
2024-07-06T11:33:32.037+08:00 DEBUG 6656 --- [docker3] [    Test worker] o.s.b.f.s.DefaultListableBeanFactory     : Creating shared instance of singleton bean 'jacksonGeoModule'
2024-07-06T11:33:32.037+08:00 DEBUG 6656 --- [docker3] [    Test worker] o.s.b.f.s.DefaultListableBeanFactory     : Creating shared instance of singleton bean 'org.springframework.data.web.config.SpringDataJacksonConfiguration'
2024-07-06T11:33:32.039+08:00 DEBUG 6656 --- [docker3] [    Test worker] o.s.b.f.s.DefaultListableBeanFactory     : Creating shared instance of singleton bean 'org.springframework.data.web.config.SpringDataWebSettings'
2024-07-06T11:33:32.046+08:00 DEBUG 6656 --- [docker3] [    Test worker] o.s.b.f.s.DefaultListableBeanFactory     : Creating shared instance of singleton bean 'pageModule'
2024-07-06T11:33:32.053+08:00 DEBUG 6656 --- [docker3] [    Test worker] o.s.b.f.s.DefaultListableBeanFactory     : Autowiring by type from bean name 'jacksonObjectMapperBuilder' via factory method to bean named 'org.springframework.web.context.support.GenericWebApplicationContext@53093491'
2024-07-06T11:33:32.053+08:00 DEBUG 6656 --- [docker3] [    Test worker] o.s.b.f.s.DefaultListableBeanFactory     : Autowiring by type from bean name 'jacksonObjectMapperBuilder' via factory method to bean named 'standardJacksonObjectMapperBuilderCustomizer'
2024-07-06T11:33:32.056+08:00 DEBUG 6656 --- [docker3] [    Test worker] o.s.b.f.s.DefaultListableBeanFactory     : Autowiring by type from bean name 'jacksonObjectMapper' via factory method to bean named 'jacksonObjectMapperBuilder'
2024-07-06T11:33:32.076+08:00 DEBUG 6656 --- [docker3] [    Test worker] o.s.b.f.s.DefaultListableBeanFactory     : Autowiring by type from bean name 'mappingJackson2HttpMessageConverter' via factory method to bean named 'jacksonObjectMapper'
2024-07-06T11:33:32.147+08:00 DEBUG 6656 --- [docker3] [    Test worker] o.s.b.f.s.DefaultListableBeanFactory     : Creating shared instance of singleton bean 'resourceHandlerMapping'
2024-07-06T11:33:32.148+08:00 DEBUG 6656 --- [docker3] [    Test worker] o.s.b.f.s.DefaultListableBeanFactory     : Autowiring by type from bean name 'resourceHandlerMapping' via factory method to bean named 'mvcContentNegotiationManager'
2024-07-06T11:33:32.148+08:00 DEBUG 6656 --- [docker3] [    Test worker] o.s.b.f.s.DefaultListableBeanFactory     : Autowiring by type from bean name 'resourceHandlerMapping' via factory method to bean named 'mvcConversionService'
2024-07-06T11:33:32.148+08:00 DEBUG 6656 --- [docker3] [    Test worker] o.s.b.f.s.DefaultListableBeanFactory     : Autowiring by type from bean name 'resourceHandlerMapping' via factory method to bean named 'mvcResourceUrlProvider'
2024-07-06T11:33:32.164+08:00 DEBUG 6656 --- [docker3] [    Test worker] o.s.w.s.handler.SimpleUrlHandlerMapping  : Patterns [/webjars/**, /**] in 'resourceHandlerMapping'
2024-07-06T11:33:32.166+08:00 DEBUG 6656 --- [docker3] [    Test worker] o.s.b.f.s.DefaultListableBeanFactory     : Creating shared instance of singleton bean 'defaultServletHandlerMapping'
2024-07-06T11:33:32.166+08:00 DEBUG 6656 --- [docker3] [    Test worker] o.s.b.f.s.DefaultListableBeanFactory     : Creating shared instance of singleton bean 'requestMappingHandlerAdapter'
2024-07-06T11:33:32.167+08:00 DEBUG 6656 --- [docker3] [    Test worker] o.s.b.f.s.DefaultListableBeanFactory     : Autowiring by type from bean name 'requestMappingHandlerAdapter' via factory method to bean named 'mvcContentNegotiationManager'
2024-07-06T11:33:32.168+08:00 DEBUG 6656 --- [docker3] [    Test worker] o.s.b.f.s.DefaultListableBeanFactory     : Autowiring by type from bean name 'requestMappingHandlerAdapter' via factory method to bean named 'mvcConversionService'
2024-07-06T11:33:32.168+08:00 DEBUG 6656 --- [docker3] [    Test worker] o.s.b.f.s.DefaultListableBeanFactory     : Autowiring by type from bean name 'requestMappingHandlerAdapter' via factory method to bean named 'mvcValidator'
2024-07-06T11:33:32.178+08:00 DEBUG 6656 --- [docker3] [    Test worker] o.s.b.f.s.DefaultListableBeanFactory     : Creating shared instance of singleton bean 'sortResolver'
2024-07-06T11:33:32.180+08:00 DEBUG 6656 --- [docker3] [    Test worker] o.s.b.f.s.DefaultListableBeanFactory     : Creating shared instance of singleton bean 'sortCustomizer'
2024-07-06T11:33:32.180+08:00 DEBUG 6656 --- [docker3] [    Test worker] o.s.b.f.s.DefaultListableBeanFactory     : Creating shared instance of singleton bean 'org.springframework.boot.autoconfigure.data.web.SpringDataWebAutoConfiguration'
[...]

   RSocketGraphQlClientAutoConfiguration:
      Did not match:
         - @ConditionalOnClass did not find required class 'graphql.GraphQL' (OnClassCondition)

   RSocketMessagingAutoConfiguration:
      Did not match:
         - @ConditionalOnClass did not find required class 'io.rsocket.RSocket' (OnClassCondition)

   RSocketRequesterAutoConfiguration:
      Did not match:
         - @ConditionalOnClass did not find required class 'io.rsocket.RSocket' (OnClassCondition)

   RSocketSecurityAutoConfiguration:
      Did not match:
         - @ConditionalOnClass did not find required class 'org.springframework.security.rsocket.core.SecuritySocketAcceptorInterceptor' (OnClassCondition)

   RSocketServerAutoConfiguration:
      Did not match:
         - @ConditionalOnClass did not find required class 'io.rsocket.core.RSocketServer' (OnClassCondition)

   RSocketStrategiesAutoConfiguration:
      Did not match:
         - @ConditionalOnClass did not find required class 'io.netty.buffer.PooledByteBufAllocator' (OnClassCondition)

   RabbitAutoConfiguration:
      Did not match:
         - @ConditionalOnClass did not find required class 'com.rabbitmq.client.Channel' (OnClassCondition)

   ReactiveElasticsearchClientAutoConfiguration:
      Did not match:
         - @ConditionalOnClass did not find required class 'co.elastic.clients.transport.ElasticsearchTransport' (OnClassCondition)

   ReactiveElasticsearchRepositoriesAutoConfiguration:
      Did not match:
         - @ConditionalOnClass did not find required class 'org.springframework.data.elasticsearch.client.elc.ReactiveElasticsearchClient' (OnClassCondition)

   ReactiveMultipartAutoConfiguration:
      Did not match:
         - @ConditionalOnClass did not find required class 'org.springframework.web.reactive.config.WebFluxConfigurer' (OnClassCondition)

   ReactiveOAuth2ClientAutoConfiguration:
      Did not match:
         - @ConditionalOnClass did not find required class 'reactor.core.publisher.Flux' (OnClassCondition)

   ReactiveOAuth2ResourceServerAutoConfiguration:
      Did not match:
         - @ConditionalOnClass did not find required class 'org.springframework.security.config.annotation.web.reactive.EnableWebFluxSecurity' (OnClassCondition)

   ReactiveSecurityAutoConfiguration:
      Did not match:
         - @ConditionalOnClass did not find required class 'reactor.core.publisher.Flux' (OnClassCondition)

   ReactiveUserDetailsServiceAutoConfiguration:
      Did not match:
         - @ConditionalOnClass did not find required class 'org.springframework.security.authentication.ReactiveAuthenticationManager' (OnClassCondition)

   ReactiveWebServerFactoryAutoConfiguration:
      Did not match:
         - @ConditionalOnWebApplication did not find reactive web application classes (OnWebApplicationCondition)

   ReactorAutoConfiguration:
      Did not match:
         - @ConditionalOnClass did not find required class 'reactor.core.publisher.Hooks' (OnClassCondition)

   RedisAutoConfiguration:
      Did not match:
         - @ConditionalOnClass did not find required class 'org.springframework.data.redis.core.RedisOperations' (OnClassCondition)

   RedisCacheConfiguration:
      Did not match:
         - @ConditionalOnClass did not find required class 'org.springframework.data.redis.connection.RedisConnectionFactory' (OnClassCondition)

   RedisReactiveAutoConfiguration:
      Did not match:
         - @ConditionalOnClass did not find required class 'reactor.core.publisher.Flux' (OnClassCondition)

   RedisRepositoriesAutoConfiguration:
      Did not match:
         - @ConditionalOnClass did not find required class 'org.springframework.data.redis.repository.configuration.EnableRedisRepositories' (OnClassCondition)

   RepositoryRestMvcAutoConfiguration:
      Did not match:
         - @ConditionalOnClass did not find required class 'org.springframework.data.rest.webmvc.config.RepositoryRestMvcConfiguration' (OnClassCondition)

   Saml2RelyingPartyAutoConfiguration:
      Did not match:
         - @ConditionalOnClass did not find required class 'org.springframework.security.saml2.provider.service.registration.RelyingPartyRegistrationRepository' (OnClassCondition)

   SecurityAutoConfiguration:
      Did not match:
         - @ConditionalOnClass did not find required class 'org.springframework.security.authentication.DefaultAuthenticationEventPublisher' (OnClassCondition)

   SecurityFilterAutoConfiguration:
      Did not match:
         - @ConditionalOnClass did not find required class 'org.springframework.security.config.http.SessionCreationPolicy' (OnClassCondition)

   SendGridAutoConfiguration:
      Did not match:
         - @ConditionalOnClass did not find required class 'com.sendgrid.SendGrid' (OnClassCondition)

   ServletWebServerFactoryAutoConfiguration.ForwardedHeaderFilterConfiguration:
      Did not match:
         - @ConditionalOnProperty (server.forward-headers-strategy=framework) did not find property 'server.forward-headers-strategy' (OnPropertyCondition)

   ServletWebServerFactoryConfiguration.EmbeddedJetty:
      Did not match:
         - @ConditionalOnClass did not find required classes 'org.eclipse.jetty.server.Server', 'org.eclipse.jetty.util.Loader', 'org.eclipse.jetty.ee10.webapp.WebAppContext' (OnClassCondition)

   ServletWebServerFactoryConfiguration.EmbeddedUndertow:
      Did not match:
         - @ConditionalOnClass did not find required classes 'io.undertow.Undertow', 'org.xnio.SslClientAuthMode' (OnClassCondition)

   SessionAutoConfiguration:
      Did not match:
         - @ConditionalOnClass did not find required class 'org.springframework.session.Session' (OnClassCondition)

   SpringApplicationAdminJmxAutoConfiguration:
      Did not match:
         - @ConditionalOnProperty (spring.application.admin.enabled=true) did not find property 'enabled' (OnPropertyCondition)

   TaskExecutorConfigurations.SimpleAsyncTaskExecutorBuilderConfiguration#simpleAsyncTaskExecutorBuilderVirtualThreads:
      Did not match:
         - @ConditionalOnMissingBean (types: org.springframework.boot.task.SimpleAsyncTaskExecutorBuilder; SearchStrategy: all) found beans of type 'org.springframework.boot.task.SimpleAsyncTaskExecutorBuilder' simpleAsyncTaskExecutorBuilder (OnBeanCondition)

   TaskExecutorConfigurations.TaskExecutorConfiguration#applicationTaskExecutorVirtualThreads:
      Did not match:
         - @ConditionalOnThreading did not find VIRTUAL (OnThreadingCondition)

   TaskSchedulingAutoConfiguration#scheduledBeanLazyInitializationExcludeFilter:
      Did not match:
         - @ConditionalOnBean (names: org.springframework.context.annotation.internalScheduledAnnotationProcessor; SearchStrategy: all) did not find any beans named org.springframework.context.annotation.internalScheduledAnnotationProcessor (OnBeanCondition)

   TaskSchedulingConfigurations.SimpleAsyncTaskSchedulerBuilderConfiguration#simpleAsyncTaskSchedulerBuilderVirtualThreads:
      Did not match:
         - @ConditionalOnMissingBean (types: org.springframework.boot.task.SimpleAsyncTaskSchedulerBuilder; SearchStrategy: all) found beans of type 'org.springframework.boot.task.SimpleAsyncTaskSchedulerBuilder' simpleAsyncTaskSchedulerBuilder (OnBeanCondition)

   TaskSchedulingConfigurations.TaskSchedulerConfiguration:
      Did not match:
         - @ConditionalOnBean (names: org.springframework.context.annotation.internalScheduledAnnotationProcessor; SearchStrategy: all) did not find any beans named org.springframework.context.annotation.internalScheduledAnnotationProcessor (OnBeanCondition)

   TemplateEngineConfigurations.ReactiveTemplateEngineConfiguration:
      Did not match:
         - did not find reactive web application classes (OnWebApplicationCondition)

   ThymeleafAutoConfiguration.DataAttributeDialectConfiguration:
      Did not match:
         - @ConditionalOnClass did not find required class 'com.github.mxab.thymeleaf.extras.dataattribute.dialect.DataAttributeDialect' (OnClassCondition)

   ThymeleafAutoConfiguration.ThymeleafSecurityDialectConfiguration:
      Did not match:
         - @ConditionalOnClass did not find required classes 'org.thymeleaf.extras.springsecurity6.dialect.SpringSecurityDialect', 'org.springframework.security.web.server.csrf.CsrfToken' (OnClassCondition)

   ThymeleafAutoConfiguration.ThymeleafWebFluxConfiguration:
      Did not match:
         - did not find reactive web application classes (OnWebApplicationCondition)

   ThymeleafAutoConfiguration.ThymeleafWebLayoutConfiguration:
      Did not match:
         - @ConditionalOnClass did not find required class 'nz.net.ultraq.thymeleaf.layoutdialect.LayoutDialect' (OnClassCondition)

   ThymeleafAutoConfiguration.ThymeleafWebMvcConfiguration#resourceUrlEncodingFilter:
      Did not match:
         - @ConditionalOnEnabledResourceChain did not find class org.webjars.WebJarAssetLocator (OnEnabledResourceChainCondition)

   TransactionAutoConfiguration#transactionalOperator:
      Did not match:
         - @ConditionalOnSingleCandidate (types: org.springframework.transaction.ReactiveTransactionManager; SearchStrategy: all) did not find any beans (OnBeanCondition)

   TransactionAutoConfiguration.AspectJTransactionManagementConfiguration:
      Did not match:
         - @ConditionalOnBean (types: org.springframework.transaction.aspectj.AbstractTransactionAspect; SearchStrategy: all) did not find any beans of type org.springframework.transaction.aspectj.AbstractTransactionAspect (OnBeanCondition)

   TransactionAutoConfiguration.EnableTransactionManagementConfiguration.JdkDynamicAutoProxyConfiguration:
      Did not match:
         - @ConditionalOnProperty (spring.aop.proxy-target-class=false) did not find property 'proxy-target-class' (OnPropertyCondition)

   UserDetailsServiceAutoConfiguration:
      Did not match:
         - @ConditionalOnClass did not find required class 'org.springframework.security.authentication.AuthenticationManager' (OnClassCondition)

   ValidationAutoConfiguration:
      Did not match:
         - @ConditionalOnClass did not find required class 'jakarta.validation.executable.ExecutableValidator' (OnClassCondition)

   WebClientAutoConfiguration:
      Did not match:
         - @ConditionalOnClass did not find required class 'org.springframework.web.reactive.function.client.WebClient' (OnClassCondition)

   WebFluxAutoConfiguration:
      Did not match:
         - @ConditionalOnClass did not find required class 'org.springframework.web.reactive.config.WebFluxConfigurer' (OnClassCondition)

   WebMvcAutoConfiguration#hiddenHttpMethodFilter:
      Did not match:
         - @ConditionalOnProperty (spring.mvc.hiddenmethod.filter.enabled) did not find property 'enabled' (OnPropertyCondition)

   WebMvcAutoConfiguration.ProblemDetailsErrorHandlingConfiguration:
      Did not match:
         - @ConditionalOnProperty (spring.mvc.problemdetails.enabled=true) did not find property 'enabled' (OnPropertyCondition)

   WebMvcAutoConfiguration.ResourceChainCustomizerConfiguration:
      Did not match:
         - @ConditionalOnEnabledResourceChain did not find class org.webjars.WebJarAssetLocator (OnEnabledResourceChainCondition)

   WebMvcAutoConfiguration.WebMvcAutoConfigurationAdapter#beanNameViewResolver:
      Did not match:
         - @ConditionalOnMissingBean (types: org.springframework.web.servlet.view.BeanNameViewResolver; SearchStrategy: all) found beans of type 'org.springframework.web.servlet.view.BeanNameViewResolver' beanNameViewResolver (OnBeanCondition)

   WebServiceTemplateAutoConfiguration:
      Did not match:
         - @ConditionalOnClass did not find required class 'org.springframework.oxm.Marshaller' (OnClassCondition)

   WebServicesAutoConfiguration:
      Did not match:
         - @ConditionalOnClass did not find required class 'org.springframework.ws.transport.http.MessageDispatcherServlet' (OnClassCondition)

   WebSessionIdResolverAutoConfiguration:
      Did not match:
         - @ConditionalOnClass did not find required class 'reactor.core.publisher.Mono' (OnClassCondition)

   WebSocketMessagingAutoConfiguration:
      Did not match:
         - @ConditionalOnClass did not find required class 'org.springframework.web.socket.config.annotation.WebSocketMessageBrokerConfigurer' (OnClassCondition)

   WebSocketReactiveAutoConfiguration:
      Did not match:
         - @ConditionalOnWebApplication did not find reactive web application classes (OnWebApplicationCondition)

   WebSocketServletAutoConfiguration.JettyWebSocketConfiguration:
      Did not match:
         - @ConditionalOnClass did not find required class 'org.eclipse.jetty.ee10.websocket.jakarta.server.config.JakartaWebSocketServletContainerInitializer' (OnClassCondition)

   WebSocketServletAutoConfiguration.UndertowWebSocketConfiguration:
      Did not match:
         - @ConditionalOnClass did not find required class 'io.undertow.websockets.jsr.Bootstrap' (OnClassCondition)

   XADataSourceAutoConfiguration:
      Did not match:
         - @ConditionalOnBean (types: org.springframework.boot.jdbc.XADataSourceWrapper; SearchStrategy: all) did not find any beans of type org.springframework.boot.jdbc.XADataSourceWrapper (OnBeanCondition)
      Matched:
         - @ConditionalOnClass found required classes 'javax.sql.DataSource', 'jakarta.transaction.TransactionManager', 'org.springframework.jdbc.datasource.embedded.EmbeddedDatabaseType' (OnClassCondition)


Exclusions:
-----------

    None


Unconditional classes:
----------------------

    org.springframework.boot.autoconfigure.context.ConfigurationPropertiesAutoConfiguration

    org.springframework.boot.autoconfigure.ssl.SslAutoConfiguration

    org.springframework.boot.autoconfigure.context.LifecycleAutoConfiguration

    org.springframework.boot.autoconfigure.context.PropertyPlaceholderAutoConfiguration

    org.springframework.boot.autoconfigure.availability.ApplicationAvailabilityAutoConfiguration

    org.springframework.boot.autoconfigure.info.ProjectInfoAutoConfiguration



2024-07-06T11:33:32.677+08:00  INFO 6656 --- [docker3] [    Test worker] com.docker3.Docker3ApplicationTests      : Started Docker3ApplicationTests in 7.867 seconds (process running for 9.11)
2024-07-06T11:33:32.680+08:00 DEBUG 6656 --- [docker3] [    Test worker] o.s.b.a.ApplicationAvailabilityBean      : Application availability state LivenessState changed to CORRECT
2024-07-06T11:33:32.691+08:00 DEBUG 6656 --- [docker3] [    Test worker] o.s.b.a.ApplicationAvailabilityBean      : Application availability state ReadinessState changed to ACCEPTING_TRAFFIC
2024-07-06T11:33:32.693+08:00 DEBUG 6656 --- [docker3] [    Test worker] org.springframework.test.context.cache   : Spring test ApplicationContext cache statistics: [DefaultContextCache@63574d76 size = 1, maxSize = 32, parentContextCount = 0, hitCount = 0, missCount = 1, failureCount = 0]
2024-07-06T11:33:32.693+08:00 DEBUG 6656 --- [docker3] [    Test worker] o.s.t.c.w.ServletTestExecutionListener   : Setting up MockHttpServletRequest, MockHttpServletResponse, ServletWebRequest, and RequestContextHolder for test class com.docker3.Docker3ApplicationTests
2024-07-06T11:33:32.708+08:00 DEBUG 6656 --- [docker3] [    Test worker] DependencyInjectionTestExecutionListener : Performing dependency injection for test class com.docker3.Docker3ApplicationTests
2024-07-06T11:33:32.708+08:00 DEBUG 6656 --- [docker3] [    Test worker] org.springframework.test.context.cache   : Spring test ApplicationContext cache statistics: [DefaultContextCache@63574d76 size = 1, maxSize = 32, parentContextCount = 0, hitCount = 1, missCount = 1, failureCount = 0]
2024-07-06T11:33:32.709+08:00 DEBUG 6656 --- [docker3] [    Test worker] org.springframework.test.context.cache   : Spring test ApplicationContext cache statistics: [DefaultContextCache@63574d76 size = 1, maxSize = 32, parentContextCount = 0, hitCount = 2, missCount = 1, failureCount = 0]
2024-07-06T11:33:32.712+08:00 DEBUG 6656 --- [docker3] [    Test worker] sContextBeforeModesTestExecutionListener : Before test method: class [Docker3ApplicationTests], method [contextLoads], class annotated with @DirtiesContext [false] with mode [null], method annotated with @DirtiesContext [false] with mode [null]
2024-07-06T11:33:32.714+08:00 DEBUG 6656 --- [docker3] [    Test worker] org.springframework.test.context.cache   : Spring test ApplicationContext cache statistics: [DefaultContextCache@63574d76 size = 1, maxSize = 32, parentContextCount = 0, hitCount = 3, missCount = 1, failureCount = 0]
2024-07-06T11:33:32.714+08:00 DEBUG 6656 --- [docker3] [    Test worker] org.springframework.test.context.cache   : Spring test ApplicationContext cache statistics: [DefaultContextCache@63574d76 size = 1, maxSize = 32, parentContextCount = 0, hitCount = 4, missCount = 1, failureCount = 0]
2024-07-06T11:33:33.393+08:00 DEBUG 6656 --- [docker3] [    Test worker] org.springframework.test.context.cache   : Spring test ApplicationContext cache statistics: [DefaultContextCache@63574d76 size = 1, maxSize = 32, parentContextCount = 0, hitCount = 5, missCount = 1, failureCount = 0]
2024-07-06T11:33:33.398+08:00 DEBUG 6656 --- [docker3] [    Test worker] org.springframework.test.context.cache   : Spring test ApplicationContext cache statistics: [DefaultContextCache@63574d76 size = 1, maxSize = 32, parentContextCount = 0, hitCount = 6, missCount = 1, failureCount = 0]
2024-07-06T11:33:33.399+08:00 DEBUG 6656 --- [docker3] [    Test worker] org.springframework.test.context.cache   : Spring test ApplicationContext cache statistics: [DefaultContextCache@63574d76 size = 1, maxSize = 32, parentContextCount = 0, hitCount = 7, missCount = 1, failureCount = 0]
2024-07-06T11:33:33.400+08:00 DEBUG 6656 --- [docker3] [    Test worker] org.springframework.test.context.cache   : Spring test ApplicationContext cache statistics: [DefaultContextCache@63574d76 size = 1, maxSize = 32, parentContextCount = 0, hitCount = 8, missCount = 1, failureCount = 0]
2024-07-06T11:33:33.400+08:00 DEBUG 6656 --- [docker3] [    Test worker] org.springframework.test.context.cache   : Spring test ApplicationContext cache statistics: [DefaultContextCache@63574d76 size = 1, maxSize = 32, parentContextCount = 0, hitCount = 9, missCount = 1, failureCount = 0]
2024-07-06T11:33:33.400+08:00 DEBUG 6656 --- [docker3] [    Test worker] org.springframework.test.context.cache   : Spring test ApplicationContext cache statistics: [DefaultContextCache@63574d76 size = 1, maxSize = 32, parentContextCount = 0, hitCount = 10, missCount = 1, failureCount = 0]
2024-07-06T11:33:33.401+08:00 DEBUG 6656 --- [docker3] [    Test worker] org.springframework.test.context.cache   : Spring test ApplicationContext cache statistics: [DefaultContextCache@63574d76 size = 1, maxSize = 32, parentContextCount = 0, hitCount = 11, missCount = 1, failureCount = 0]
2024-07-06T11:33:33.401+08:00 DEBUG 6656 --- [docker3] [    Test worker] .c.s.DirtiesContextTestExecutionListener : After test method: class [Docker3ApplicationTests], method [contextLoads], class annotated with @DirtiesContext [false] with mode [null], method annotated with @DirtiesContext [false] with mode [null]
2024-07-06T11:33:33.401+08:00 DEBUG 6656 --- [docker3] [    Test worker] o.s.t.c.w.ServletTestExecutionListener   : Resetting RequestContextHolder for test class com.docker3.Docker3ApplicationTests
2024-07-06T11:33:33.410+08:00 DEBUG 6656 --- [docker3] [    Test worker] org.springframework.test.context.cache   : Spring test ApplicationContext cache statistics: [DefaultContextCache@63574d76 size = 1, maxSize = 32, parentContextCount = 0, hitCount = 12, missCount = 1, failureCount = 0]
2024-07-06T11:33:33.411+08:00 DEBUG 6656 --- [docker3] [    Test worker] .c.s.DirtiesContextTestExecutionListener : After test class: class [Docker3ApplicationTests], class annotated with @DirtiesContext [false] with mode [null]
]]></system-out>
  <system-err><![CDATA[]]></system-err>
</testsuite>
